Command line invocation:
    /Volumes/G4/Xcode.app/Contents/Developer/usr/bin/xcodebuild -workspace /Users/danieo/Documents/codes/react-native/rentx/ios/expobaretypescript.xcworkspace -configuration Debug -scheme expobaretypescript -destination id=BCCCE6E1-A911-4E01-B944-04619EDD5E9E

User defaults from command line:
    IDEPackageSupportUseBuiltinSCM = YES

note: Using new build system
note: Planning
Analyze workspace

Create build description
Build description signature: 6f1d3159e708c48c86bb0be0869c28d8
Build description path: /Users/danieo/Library/Developer/Xcode/DerivedData/expobaretypescript-eajbhsakgspgpwdisclkdmwwujcv/Build/Intermediates.noindex/XCBuildData/6f1d3159e708c48c86bb0be0869c28d8-desc.xcbuild

note: Build preparation complete
note: Building targets in dependency order
PhaseScriptExecution [CP-User]\ Generate\ app.config\ for\ prebuilt\ Constants.manifest /Users/danieo/Library/Developer/Xcode/DerivedData/expobaretypescript-eajbhsakgspgpwdisclkdmwwujcv/Build/Intermediates.noindex/Pods.build/Debug-iphonesimulator/EXConstants.build/Script-46EB2E0000D660.sh (in target 'EXConstants' from project 'Pods')
    cd /Users/danieo/Documents/codes/react-native/rentx/ios/Pods
    export ACTION\=build
    export AD_HOC_CODE_SIGNING_ALLOWED\=YES
    export ALLOW_TARGET_PLATFORM_SPECIALIZATION\=NO
    export ALTERNATE_GROUP\=staff
    export ALTERNATE_MODE\=u+w,go-w,a+rX
    export ALTERNATE_OWNER\=danieo
    export ALWAYS_EMBED_SWIFT_STANDARD_LIBRARIES\=NO
    export ALWAYS_SEARCH_USER_PATHS\=NO
    export ALWAYS_USE_SEPARATE_HEADERMAPS\=NO
    export APPLE_INTERNAL_DEVELOPER_DIR\=/AppleInternal/Developer
    export APPLE_INTERNAL_DIR\=/AppleInternal
    export APPLE_INTERNAL_DOCUMENTATION_DIR\=/AppleInternal/Documentation
    export APPLE_INTERNAL_LIBRARY_DIR\=/AppleInternal/Library
    export APPLE_INTERNAL_TOOLS\=/AppleInternal/Developer/Tools
    export APPLICATION_EXTENSION_API_ONLY\=NO
    export APPLY_RULES_IN_COPY_FILES\=NO
    export APPLY_RULES_IN_COPY_HEADERS\=NO
    export ARCHS\=arm64
    export ARCHS_STANDARD\=arm64\ x86_64
    export ARCHS_STANDARD_32_64_BIT\=arm64\ i386\ x86_64
    export ARCHS_STANDARD_32_BIT\=i386
    export ARCHS_STANDARD_64_BIT\=arm64\ x86_64
    export ARCHS_STANDARD_INCLUDING_64_BIT\=arm64\ x86_64
    export ARCHS_UNIVERSAL_IPHONE_OS\=arm64\ i386\ x86_64
    export ASSETCATALOG_FILTER_FOR_DEVICE_MODEL\=iPhone14,5
    export ASSETCATALOG_FILTER_FOR_DEVICE_OS_VERSION\=15.4
    export AVAILABLE_PLATFORMS\=appletvos\ appletvsimulator\ driverkit\ iphoneos\ iphonesimulator\ macosx\ watchos\ watchsimulator
    export BITCODE_GENERATION_MODE\=marker
    export BUILD_ACTIVE_RESOURCES_ONLY\=YES
    export BUILD_COMPONENTS\=headers\ build
    export BUILD_DIR\=/Users/danieo/Library/Developer/Xcode/DerivedData/expobaretypescript-eajbhsakgspgpwdisclkdmwwujcv/Build/Products
    export BUILD_LIBRARY_FOR_DISTRIBUTION\=NO
    export BUILD_ROOT\=/Users/danieo/Library/Developer/Xcode/DerivedData/expobaretypescript-eajbhsakgspgpwdisclkdmwwujcv/Build/Products
    export BUILD_STYLE\=
    export BUILD_VARIANTS\=normal
    export BUILT_PRODUCTS_DIR\=/Users/danieo/Library/Developer/Xcode/DerivedData/expobaretypescript-eajbhsakgspgpwdisclkdmwwujcv/Build/Products/Debug-iphonesimulator/EXConstants
    export BUNDLE_CONTENTS_FOLDER_PATH_deep\=Contents/
    export BUNDLE_EXECUTABLE_FOLDER_NAME_deep\=MacOS
    export BUNDLE_FORMAT\=shallow
    export BUNDLE_FRAMEWORKS_FOLDER_PATH\=Frameworks
    export BUNDLE_PLUGINS_FOLDER_PATH\=PlugIns
    export BUNDLE_PRIVATE_HEADERS_FOLDER_PATH\=PrivateHeaders
    export BUNDLE_PUBLIC_HEADERS_FOLDER_PATH\=Headers
    export CACHE_ROOT\=/var/folders/kz/p0132zl94cv87ly3dx9syps00000gq/C/com.apple.DeveloperTools/13.3-13E113/Xcode
    export CCHROOT\=/var/folders/kz/p0132zl94cv87ly3dx9syps00000gq/C/com.apple.DeveloperTools/13.3-13E113/Xcode
    export CHMOD\=/bin/chmod
    export CHOWN\=/usr/sbin/chown
    export CLANG_ANALYZER_LOCALIZABILITY_NONLOCALIZED\=YES
    export CLANG_ANALYZER_NONNULL\=YES
    export CLANG_ANALYZER_NUMBER_OBJECT_CONVERSION\=YES_AGGRESSIVE
    export CLANG_CXX_LANGUAGE_STANDARD\=gnu++14
    export CLANG_CXX_LIBRARY\=libc++
    export CLANG_ENABLE_MODULES\=YES
    export CLANG_ENABLE_MODULE_DEBUGGING\=NO
    export CLANG_ENABLE_OBJC_ARC\=YES
    export CLANG_ENABLE_OBJC_WEAK\=NO
    export CLANG_MODULES_BUILD_SESSION_FILE\=/Users/danieo/Library/Developer/Xcode/DerivedData/ModuleCache.noindex/Session.modulevalidation
    export CLANG_WARN_BLOCK_CAPTURE_AUTORELEASING\=YES
    export CLANG_WARN_BOOL_CONVERSION\=YES
    export CLANG_WARN_COMMA\=YES
    export CLANG_WARN_CONSTANT_CONVERSION\=YES
    export CLANG_WARN_DEPRECATED_OBJC_IMPLEMENTATIONS\=YES
    export CLANG_WARN_DIRECT_OBJC_ISA_USAGE\=YES_ERROR
    export CLANG_WARN_DOCUMENTATION_COMMENTS\=YES
    export CLANG_WARN_EMPTY_BODY\=YES
    export CLANG_WARN_ENUM_CONVERSION\=YES
    export CLANG_WARN_INFINITE_RECURSION\=YES
    export CLANG_WARN_INT_CONVERSION\=YES
    export CLANG_WARN_NON_LITERAL_NULL_CONVERSION\=YES
    export CLANG_WARN_OBJC_IMPLICIT_RETAIN_SELF\=YES
    export CLANG_WARN_OBJC_LITERAL_CONVERSION\=YES
    export CLANG_WARN_OBJC_ROOT_CLASS\=YES_ERROR
    export CLANG_WARN_QUOTED_INCLUDE_IN_FRAMEWORK_HEADER\=NO
    export CLANG_WARN_RANGE_LOOP_ANALYSIS\=YES
    export CLANG_WARN_STRICT_PROTOTYPES\=YES
    export CLANG_WARN_SUSPICIOUS_MOVE\=YES
    export CLANG_WARN_UNGUARDED_AVAILABILITY\=YES_AGGRESSIVE
    export CLANG_WARN_UNREACHABLE_CODE\=YES
    export CLANG_WARN__DUPLICATE_METHOD_MATCH\=YES
    export CLASS_FILE_DIR\=/Users/danieo/Library/Developer/Xcode/DerivedData/expobaretypescript-eajbhsakgspgpwdisclkdmwwujcv/Build/Intermediates.noindex/Pods.build/Debug-iphonesimulator/EXConstants.build/JavaClasses
    export CLEAN_PRECOMPS\=YES
    export CLONE_HEADERS\=NO
    export CODESIGNING_FOLDER_PATH\=/Users/danieo/Library/Developer/Xcode/DerivedData/expobaretypescript-eajbhsakgspgpwdisclkdmwwujcv/Build/Products/Debug-iphonesimulator/EXConstants/libEXConstants.a
    export CODE_SIGNING_ALLOWED\=NO
    export CODE_SIGNING_REQUIRED\=YES
    export CODE_SIGN_CONTEXT_CLASS\=XCiPhoneSimulatorCodeSignContext
    export CODE_SIGN_IDENTITY\=-
    export CODE_SIGN_INJECT_BASE_ENTITLEMENTS\=YES
    export COLOR_DIAGNOSTICS\=NO
    export COMBINE_HIDPI_IMAGES\=NO
    export COMPILER_INDEX_STORE_ENABLE\=Default
    export COMPOSITE_SDK_DIRS\=/Users/danieo/Library/Developer/Xcode/DerivedData/expobaretypescript-eajbhsakgspgpwdisclkdmwwujcv/Build/Intermediates.noindex/CompositeSDKs
    export COMPRESS_PNG_FILES\=YES
    export CONFIGURATION\=Debug
    export CONFIGURATION_BUILD_DIR\=/Users/danieo/Library/Developer/Xcode/DerivedData/expobaretypescript-eajbhsakgspgpwdisclkdmwwujcv/Build/Products/Debug-iphonesimulator/EXConstants
    export CONFIGURATION_TEMP_DIR\=/Users/danieo/Library/Developer/Xcode/DerivedData/expobaretypescript-eajbhsakgspgpwdisclkdmwwujcv/Build/Intermediates.noindex/Pods.build/Debug-iphonesimulator
    export COPYING_PRESERVES_HFS_DATA\=NO
    export COPY_HEADERS_RUN_UNIFDEF\=NO
    export COPY_PHASE_STRIP\=NO
    export COPY_RESOURCES_FROM_STATIC_FRAMEWORKS\=YES
    export CORRESPONDING_DEVICE_PLATFORM_DIR\=/Volumes/G4/Xcode.app/Contents/Developer/Platforms/iPhoneOS.platform
    export CORRESPONDING_DEVICE_PLATFORM_NAME\=iphoneos
    export CORRESPONDING_DEVICE_SDK_DIR\=/Volumes/G4/Xcode.app/Contents/Developer/Platforms/iPhoneOS.platform/Developer/SDKs/iPhoneOS15.4.sdk
    export CORRESPONDING_DEVICE_SDK_NAME\=iphoneos15.4
    export CP\=/bin/cp
    export CREATE_INFOPLIST_SECTION_IN_BINARY\=NO
    export CURRENT_ARCH\=undefined_arch
    export CURRENT_VARIANT\=normal
    export DEAD_CODE_STRIPPING\=YES
    export DEBUGGING_SYMBOLS\=YES
    export DEBUG_INFORMATION_FORMAT\=dwarf
    export DEFAULT_COMPILER\=com.apple.compilers.llvm.clang.1_0
    export DEFAULT_DEXT_INSTALL_PATH\=/System/Library/DriverExtensions
    export DEFAULT_KEXT_INSTALL_PATH\=/System/Library/Extensions
    export DEFINES_MODULE\=NO
    export DEPLOYMENT_LOCATION\=NO
    export DEPLOYMENT_POSTPROCESSING\=NO
    export DEPLOYMENT_TARGET_SETTING_NAME\=IPHONEOS_DEPLOYMENT_TARGET
    export DEPLOYMENT_TARGET_SUGGESTED_VALUES\=9.0\ 9.1\ 9.2\ 9.3\ 10.0\ 10.1\ 10.2\ 10.3\ 11.0\ 11.1\ 11.2\ 11.3\ 11.4\ 12.0\ 12.1\ 12.2\ 12.3\ 12.4\ 13.0\ 13.1\ 13.2\ 13.3\ 13.4\ 13.5\ 13.6\ 14.0\ 14.1\ 14.2\ 14.3\ 14.4\ 14.5\ 14.6\ 14.7\ 15.0\ 15.1\ 15.2\ 15.3\ 15.4
    export DERIVED_FILES_DIR\=/Users/danieo/Library/Developer/Xcode/DerivedData/expobaretypescript-eajbhsakgspgpwdisclkdmwwujcv/Build/Intermediates.noindex/Pods.build/Debug-iphonesimulator/EXConstants.build/DerivedSources
    export DERIVED_FILE_DIR\=/Users/danieo/Library/Developer/Xcode/DerivedData/expobaretypescript-eajbhsakgspgpwdisclkdmwwujcv/Build/Intermediates.noindex/Pods.build/Debug-iphonesimulator/EXConstants.build/DerivedSources
    export DERIVED_SOURCES_DIR\=/Users/danieo/Library/Developer/Xcode/DerivedData/expobaretypescript-eajbhsakgspgpwdisclkdmwwujcv/Build/Intermediates.noindex/Pods.build/Debug-iphonesimulator/EXConstants.build/DerivedSources
    export DEVELOPER_APPLICATIONS_DIR\=/Volumes/G4/Xcode.app/Contents/Developer/Applications
    export DEVELOPER_BIN_DIR\=/Volumes/G4/Xcode.app/Contents/Developer/usr/bin
    export DEVELOPER_DIR\=/Volumes/G4/Xcode.app/Contents/Developer
    export DEVELOPER_FRAMEWORKS_DIR\=/Volumes/G4/Xcode.app/Contents/Developer/Library/Frameworks
    export DEVELOPER_FRAMEWORKS_DIR_QUOTED\=/Volumes/G4/Xcode.app/Contents/Developer/Library/Frameworks
    export DEVELOPER_LIBRARY_DIR\=/Volumes/G4/Xcode.app/Contents/Developer/Library
    export DEVELOPER_SDK_DIR\=/Volumes/G4/Xcode.app/Contents/Developer/Platforms/MacOSX.platform/Developer/SDKs
    export DEVELOPER_TOOLS_DIR\=/Volumes/G4/Xcode.app/Contents/Developer/Tools
    export DEVELOPER_USR_DIR\=/Volumes/G4/Xcode.app/Contents/Developer/usr
    export DEVELOPMENT_LANGUAGE\=en
    export DONT_GENERATE_INFOPLIST_FILE\=NO
    export DO_HEADER_SCANNING_IN_JAM\=NO
    export DSTROOT\=/tmp/Pods.dst
    export DT_TOOLCHAIN_DIR\=/Volumes/G4/Xcode.app/Contents/Developer/Toolchains/XcodeDefault.xctoolchain
    export DWARF_DSYM_FILE_NAME\=libEXConstants.a.dSYM
    export DWARF_DSYM_FILE_SHOULD_ACCOMPANY_PRODUCT\=NO
    export DWARF_DSYM_FOLDER_PATH\=/Users/danieo/Library/Developer/Xcode/DerivedData/expobaretypescript-eajbhsakgspgpwdisclkdmwwujcv/Build/Products/Debug-iphonesimulator/EXConstants
    export DYNAMIC_LIBRARY_EXTENSION\=dylib
    export EFFECTIVE_PLATFORM_NAME\=-iphonesimulator
    export EMBEDDED_CONTENT_CONTAINS_SWIFT\=NO
    export EMBED_ASSET_PACKS_IN_PRODUCT_BUNDLE\=NO
    export ENABLE_APP_SANDBOX\=NO
    export ENABLE_BITCODE\=NO
    export ENABLE_DEFAULT_HEADER_SEARCH_PATHS\=YES
    export ENABLE_DEFAULT_SEARCH_PATHS\=YES
    export ENABLE_HARDENED_RUNTIME\=NO
    export ENABLE_HEADER_DEPENDENCIES\=YES
    export ENABLE_ON_DEMAND_RESOURCES\=NO
    export ENABLE_PREVIEWS\=NO
    export ENABLE_STRICT_OBJC_MSGSEND\=YES
    export ENABLE_TESTABILITY\=YES
    export ENABLE_TESTING_SEARCH_PATHS\=NO
    export ENTITLEMENTS_DESTINATION\=__entitlements
    export ENTITLEMENTS_REQUIRED\=YES
    export EXCLUDED_INSTALLSRC_SUBDIRECTORY_PATTERNS\=.DS_Store\ .svn\ .git\ .hg\ CVS
    export EXCLUDED_RECURSIVE_SEARCH_PATH_SUBDIRECTORIES\=\*.nib\ \*.lproj\ \*.framework\ \*.gch\ \*.xcode\*\ \*.xcassets\ \(\*\)\ .DS_Store\ CVS\ .svn\ .git\ .hg\ \*.pbproj\ \*.pbxproj
    export EXECUTABLE_EXTENSION\=a
    export EXECUTABLE_NAME\=libEXConstants.a
    export EXECUTABLE_PATH\=libEXConstants.a
    export EXECUTABLE_PREFIX\=lib
    export EXECUTABLE_SUFFIX\=.a
    export FILE_LIST\=/Users/danieo/Library/Developer/Xcode/DerivedData/expobaretypescript-eajbhsakgspgpwdisclkdmwwujcv/Build/Intermediates.noindex/Pods.build/Debug-iphonesimulator/EXConstants.build/Objects/LinkFileList
    export FIXED_FILES_DIR\=/Users/danieo/Library/Developer/Xcode/DerivedData/expobaretypescript-eajbhsakgspgpwdisclkdmwwujcv/Build/Intermediates.noindex/Pods.build/Debug-iphonesimulator/EXConstants.build/FixedFiles
    export FRAMEWORK_FLAG_PREFIX\=-framework
    export FRAMEWORK_SEARCH_PATHS\=/Users/danieo/Library/Developer/Xcode/DerivedData/expobaretypescript-eajbhsakgspgpwdisclkdmwwujcv/Build/Products/Debug-iphonesimulator/EXConstants\ 
    export FRAMEWORK_VERSION\=A
    export FULL_PRODUCT_NAME\=libEXConstants.a
    export GCC3_VERSION\=3.3
    export GCC_C_LANGUAGE_STANDARD\=gnu11
    export GCC_DYNAMIC_NO_PIC\=NO
    export GCC_NO_COMMON_BLOCKS\=YES
    export GCC_OBJC_LEGACY_DISPATCH\=YES
    export GCC_OPTIMIZATION_LEVEL\=0
    export GCC_PFE_FILE_C_DIALECTS\=c\ objective-c\ c++\ objective-c++
    export GCC_PREFIX_HEADER\=Target\ Support\ Files/EXConstants/EXConstants-prefix.pch
    export GCC_PREPROCESSOR_DEFINITIONS\=POD_CONFIGURATION_DEBUG\=1\ DEBUG\=1\ \ COCOAPODS\=1
    export GCC_TREAT_WARNINGS_AS_ERRORS\=NO
    export GCC_VERSION\=com.apple.compilers.llvm.clang.1_0
    export GCC_VERSION_IDENTIFIER\=com_apple_compilers_llvm_clang_1_0
    export GCC_WARN_64_TO_32_BIT_CONVERSION\=YES
    export GCC_WARN_ABOUT_RETURN_TYPE\=YES_ERROR
    export GCC_WARN_UNDECLARED_SELECTOR\=YES
    export GCC_WARN_UNINITIALIZED_AUTOS\=YES_AGGRESSIVE
    export GCC_WARN_UNUSED_FUNCTION\=YES
    export GCC_WARN_UNUSED_VARIABLE\=YES
    export GENERATED_MODULEMAP_DIR\=/Users/danieo/Library/Developer/Xcode/DerivedData/expobaretypescript-eajbhsakgspgpwdisclkdmwwujcv/Build/Intermediates.noindex/GeneratedModuleMaps-iphonesimulator
    export GENERATE_INFOPLIST_FILE\=NO
    export GENERATE_MASTER_OBJECT_FILE\=NO
    export GENERATE_PKGINFO_FILE\=NO
    export GENERATE_PROFILING_CODE\=NO
    export GENERATE_TEXT_BASED_STUBS\=NO
    export GID\=20
    export GROUP\=staff
    export HEADERMAP_INCLUDES_FLAT_ENTRIES_FOR_TARGET_BEING_BUILT\=YES
    export HEADERMAP_INCLUDES_FRAMEWORK_ENTRIES_FOR_ALL_PRODUCT_TYPES\=YES
    export HEADERMAP_INCLUDES_NONPUBLIC_NONPRIVATE_HEADERS\=YES
    export HEADERMAP_INCLUDES_PROJECT_HEADERS\=YES
    export HEADERMAP_USES_FRAMEWORK_PREFIX_ENTRIES\=YES
    export HEADERMAP_USES_VFS\=NO
    export HEADER_SEARCH_PATHS\=/Users/danieo/Library/Developer/Xcode/DerivedData/expobaretypescript-eajbhsakgspgpwdisclkdmwwujcv/Build/Products/Debug-iphonesimulator/EXConstants/include\ \ \"/Users/danieo/Documents/codes/react-native/rentx/ios/Pods/Headers/Private\"\ \"/Users/danieo/Documents/codes/react-native/rentx/ios/Pods/Headers/Private/EXConstants\"\ \"/Users/danieo/Documents/codes/react-native/rentx/ios/Pods/Headers/Public\"\ \"/Users/danieo/Documents/codes/react-native/rentx/ios/Pods/Headers/Public/DoubleConversion\"\ \"/Users/danieo/Documents/codes/react-native/rentx/ios/Pods/Headers/Public/EXConstants\"\ \"/Users/danieo/Documents/codes/react-native/rentx/ios/Pods/Headers/Public/ExpoModulesCore\"\ \"/Users/danieo/Documents/codes/react-native/rentx/ios/Pods/Headers/Public/RCT-Folly\"\ \"/Users/danieo/Documents/codes/react-native/rentx/ios/Pods/Headers/Public/React-Core\"\ \"/Users/danieo/Documents/codes/react-native/rentx/ios/Pods/Headers/Public/React-callinvoker\"\ \"/Users/danieo/Documents/codes/react-native/rentx/ios/Pods/Headers/Public/React-cxxreact\"\ \"/Users/danieo/Documents/codes/react-native/rentx/ios/Pods/Headers/Public/React-jsi\"\ \"/Users/danieo/Documents/codes/react-native/rentx/ios/Pods/Headers/Public/React-jsiexecutor\"\ \"/Users/danieo/Documents/codes/react-native/rentx/ios/Pods/Headers/Public/React-jsinspector\"\ \"/Users/danieo/Documents/codes/react-native/rentx/ios/Pods/Headers/Public/React-logger\"\ \"/Users/danieo/Documents/codes/react-native/rentx/ios/Pods/Headers/Public/React-perflogger\"\ \"/Users/danieo/Documents/codes/react-native/rentx/ios/Pods/Headers/Public/React-runtimeexecutor\"\ \"/Users/danieo/Documents/codes/react-native/rentx/ios/Pods/Headers/Public/ReactCommon\"\ \"/Users/danieo/Documents/codes/react-native/rentx/ios/Pods/Headers/Public/Yoga\"\ \"/Users/danieo/Documents/codes/react-native/rentx/ios/Pods/Headers/Public/fmt\"\ \"/Users/danieo/Documents/codes/react-native/rentx/ios/Pods/Headers/Public/glog\"
    export HIDE_BITCODE_SYMBOLS\=YES
    export HOME\=/Users/danieo
    export ICONV\=/usr/bin/iconv
    export INFOPLIST_EXPAND_BUILD_SETTINGS\=YES
    export INFOPLIST_OUTPUT_FORMAT\=binary
    export INFOPLIST_PREPROCESS\=NO
    export INLINE_PRIVATE_FRAMEWORKS\=NO
    export INSTALLHDRS_COPY_PHASE\=NO
    export INSTALLHDRS_SCRIPT_PHASE\=NO
    export INSTALL_DIR\=/tmp/Pods.dst/usr/local/lib
    export INSTALL_GROUP\=staff
    export INSTALL_MODE_FLAG\=u+w,go-w,a+rX
    export INSTALL_OWNER\=danieo
    export INSTALL_PATH\=/usr/local/lib
    export INSTALL_ROOT\=/tmp/Pods.dst
    export IPHONEOS_DEPLOYMENT_TARGET\=12.0
    export JAVAC_DEFAULT_FLAGS\=-J-Xms64m\ -J-XX:NewSize\=4M\ -J-Dfile.encoding\=UTF8
    export JAVA_APP_STUB\=/System/Library/Frameworks/JavaVM.framework/Resources/MacOS/JavaApplicationStub
    export JAVA_ARCHIVE_CLASSES\=YES
    export JAVA_ARCHIVE_TYPE\=JAR
    export JAVA_COMPILER\=/usr/bin/javac
    export JAVA_FRAMEWORK_RESOURCES_DIRS\=Resources
    export JAVA_JAR_FLAGS\=cv
    export JAVA_SOURCE_SUBDIR\=.
    export JAVA_USE_DEPENDENCIES\=YES
    export JAVA_ZIP_FLAGS\=-urg
    export JIKES_DEFAULT_FLAGS\=+E\ +OLDCSO
    export KEEP_PRIVATE_EXTERNS\=NO
    export LD_DEPENDENCY_INFO_FILE\=/Users/danieo/Library/Developer/Xcode/DerivedData/expobaretypescript-eajbhsakgspgpwdisclkdmwwujcv/Build/Intermediates.noindex/Pods.build/Debug-iphonesimulator/EXConstants.build/Objects-normal/undefined_arch/EXConstants_dependency_info.dat
    export LD_GENERATE_MAP_FILE\=NO
    export LD_MAP_FILE_PATH\=/Users/danieo/Library/Developer/Xcode/DerivedData/expobaretypescript-eajbhsakgspgpwdisclkdmwwujcv/Build/Intermediates.noindex/Pods.build/Debug-iphonesimulator/EXConstants.build/EXConstants-LinkMap-normal-undefined_arch.txt
    export LD_NO_PIE\=NO
    export LD_QUOTE_LINKER_ARGUMENTS_FOR_COMPILER_DRIVER\=YES
    export LEGACY_DEVELOPER_DIR\=/Volumes/G4/Xcode.app/Contents/PlugIns/Xcode3Core.ideplugin/Contents/SharedSupport/Developer
    export LEX\=lex
    export LIBRARY_DEXT_INSTALL_PATH\=/Library/DriverExtensions
    export LIBRARY_FLAG_NOSPACE\=YES
    export LIBRARY_FLAG_PREFIX\=-l
    export LIBRARY_KEXT_INSTALL_PATH\=/Library/Extensions
    export LIBRARY_SEARCH_PATHS\=/Users/danieo/Library/Developer/Xcode/DerivedData/expobaretypescript-eajbhsakgspgpwdisclkdmwwujcv/Build/Products/Debug-iphonesimulator/EXConstants\ 
    export LINKER_DISPLAYS_MANGLED_NAMES\=NO
    export LINK_FILE_LIST_normal_arm64\=/Users/danieo/Library/Developer/Xcode/DerivedData/expobaretypescript-eajbhsakgspgpwdisclkdmwwujcv/Build/Intermediates.noindex/Pods.build/Debug-iphonesimulator/EXConstants.build/Objects-normal/arm64/EXConstants.LinkFileList
    export LINK_WITH_STANDARD_LIBRARIES\=YES
    export LLVM_TARGET_TRIPLE_OS_VERSION\=ios12.0
    export LLVM_TARGET_TRIPLE_SUFFIX\=-simulator
    export LLVM_TARGET_TRIPLE_VENDOR\=apple
    export LOCALIZATION_EXPORT_SUPPORTED\=YES
    export LOCALIZED_STRING_MACRO_NAMES\=NSLocalizedString\ CFCopyLocalizedString
    export LOCALIZED_STRING_SWIFTUI_SUPPORT\=YES
    export LOCAL_ADMIN_APPS_DIR\=/Applications/Utilities
    export LOCAL_APPS_DIR\=/Applications
    export LOCAL_DEVELOPER_DIR\=/Library/Developer
    export LOCAL_LIBRARY_DIR\=/Library
    export LOCROOT\=/Users/danieo/Documents/codes/react-native/rentx/ios/Pods
    export LOCSYMROOT\=/Users/danieo/Documents/codes/react-native/rentx/ios/Pods
    export MACH_O_TYPE\=staticlib
    export MAC_OS_X_PRODUCT_BUILD_VERSION\=21F79
    export MAC_OS_X_VERSION_ACTUAL\=120400
    export MAC_OS_X_VERSION_MAJOR\=120000
    export MAC_OS_X_VERSION_MINOR\=120400
    export METAL_LIBRARY_FILE_BASE\=default
    export METAL_LIBRARY_OUTPUT_DIR\=/Users/danieo/Library/Developer/Xcode/DerivedData/expobaretypescript-eajbhsakgspgpwdisclkdmwwujcv/Build/Products/Debug-iphonesimulator/EXConstants/
    export MODULE_CACHE_DIR\=/Users/danieo/Library/Developer/Xcode/DerivedData/ModuleCache.noindex
    export MTL_ENABLE_DEBUG_INFO\=INCLUDE_SOURCE
    export MTL_FAST_MATH\=YES
    export NATIVE_ARCH\=arm64
    export NATIVE_ARCH_32_BIT\=arm
    export NATIVE_ARCH_64_BIT\=arm64
    export NATIVE_ARCH_ACTUAL\=arm64
    export NO_COMMON\=YES
    export OBJC_ABI_VERSION\=2
    export OBJECT_FILE_DIR\=/Users/danieo/Library/Developer/Xcode/DerivedData/expobaretypescript-eajbhsakgspgpwdisclkdmwwujcv/Build/Intermediates.noindex/Pods.build/Debug-iphonesimulator/EXConstants.build/Objects
    export OBJECT_FILE_DIR_normal\=/Users/danieo/Library/Developer/Xcode/DerivedData/expobaretypescript-eajbhsakgspgpwdisclkdmwwujcv/Build/Intermediates.noindex/Pods.build/Debug-iphonesimulator/EXConstants.build/Objects-normal
    export OBJROOT\=/Users/danieo/Library/Developer/Xcode/DerivedData/expobaretypescript-eajbhsakgspgpwdisclkdmwwujcv/Build/Intermediates.noindex
    export ONLY_ACTIVE_ARCH\=YES
    export OS\=MACOS
    export OSAC\=/usr/bin/osacompile
    export OTHER_CFLAGS\=\ -fmodule-map-file\=\"/Users/danieo/Library/Developer/Xcode/DerivedData/expobaretypescript-eajbhsakgspgpwdisclkdmwwujcv/Build/Products/Debug-iphonesimulator/ExpoModulesCore/ExpoModulesCore.modulemap\"\ -fmodule-map-file\=\"/Users/danieo/Documents/codes/react-native/rentx/ios/Pods/Headers/Public/React-Core/React/React-Core.modulemap\"\ -fmodule-map-file\=\"/Users/danieo/Documents/codes/react-native/rentx/ios/Pods/Headers/Public/ReactCommon/ReactCommon.modulemap\"\ -fmodule-map-file\=\"/Users/danieo/Documents/codes/react-native/rentx/ios/Pods/Headers/Public/yoga/Yoga.modulemap\"
    export OTHER_CPLUSPLUSFLAGS\=\ -fmodule-map-file\=\"/Users/danieo/Library/Developer/Xcode/DerivedData/expobaretypescript-eajbhsakgspgpwdisclkdmwwujcv/Build/Products/Debug-iphonesimulator/ExpoModulesCore/ExpoModulesCore.modulemap\"\ -fmodule-map-file\=\"/Users/danieo/Documents/codes/react-native/rentx/ios/Pods/Headers/Public/React-Core/React/React-Core.modulemap\"\ -fmodule-map-file\=\"/Users/danieo/Documents/codes/react-native/rentx/ios/Pods/Headers/Public/ReactCommon/ReactCommon.modulemap\"\ -fmodule-map-file\=\"/Users/danieo/Documents/codes/react-native/rentx/ios/Pods/Headers/Public/yoga/Yoga.modulemap\"
    export PACKAGE_TYPE\=com.apple.package-type.static-library
    export PASCAL_STRINGS\=YES
    export PATH\=/Volumes/G4/Xcode.app/Contents/Developer/Toolchains/XcodeDefault.xctoolchain/usr/bin:/Volumes/G4/Xcode.app/Contents/Developer/Toolchains/XcodeDefault.xctoolchain/usr/local/bin:/Volumes/G4/Xcode.app/Contents/Developer/Toolchains/XcodeDefault.xctoolchain/usr/libexec:/Volumes/G4/Xcode.app/Contents/Developer/Platforms/iPhoneSimulator.platform/usr/bin:/Volumes/G4/Xcode.app/Contents/Developer/Platforms/iPhoneSimulator.platform/usr/local/bin:/Volumes/G4/Xcode.app/Contents/Developer/Platforms/iPhoneSimulator.platform/Developer/usr/bin:/Volumes/G4/Xcode.app/Contents/Developer/Platforms/iPhoneSimulator.platform/Developer/usr/local/bin:/Volumes/G4/Xcode.app/Contents/Developer/usr/bin:/Volumes/G4/Xcode.app/Contents/Developer/usr/local/bin:/var/folders/kz/p0132zl94cv87ly3dx9syps00000gq/T/yarn--1657907628591-0.4707314543924057:/Users/danieo/Documents/codes/react-native/rentx/node_modules/.bin:/Users/danieo/.config/yarn/link/node_modules/.bin:/opt/homebrew/Cellar/node/18.4.0/libexec/lib/node_modules/npm/bin/node-gyp-bin:/opt/homebrew/Cellar/node/18.4.0/lib/node_modules/npm/bin/node-gyp-bin:/opt/homebrew/Cellar/node/18.4.0/bin/node_modules/npm/bin/node-gyp-bin:/Users/danieo/.yarn/bin:/Users/danieo/.config/yarn/global/node_modules/.bin:/Users/danieo/Library/Android/sdk/tools:/Users/danieo/Library/Android/sdk/platform-tools:/opt/homebrew/bin:/opt/homebrew/sbin:/usr/local/bin:/usr/bin:/bin:/usr/sbin:/sbin:/Applications/VMware\ Fusion.app/Contents/Public:/Library/Apple/usr/bin:/Users/danieo/.local/share/zinit/polaris/bin:/Users/danieo/opt/homebrew/bin:/Users/danieo/Documents/flutter/bin:/Applications/Visual\ Studio\ Code.app/Contents/Resources/app/bin
    export PATH_PREFIXES_EXCLUDED_FROM_HEADER_DEPENDENCIES\=/usr/include\ /usr/local/include\ /System/Library/Frameworks\ /System/Library/PrivateFrameworks\ /Volumes/G4/Xcode.app/Contents/Developer/Headers\ /Volumes/G4/Xcode.app/Contents/Developer/SDKs\ /Volumes/G4/Xcode.app/Contents/Developer/Platforms
    export PER_ARCH_OBJECT_FILE_DIR\=/Users/danieo/Library/Developer/Xcode/DerivedData/expobaretypescript-eajbhsakgspgpwdisclkdmwwujcv/Build/Intermediates.noindex/Pods.build/Debug-iphonesimulator/EXConstants.build/Objects-normal/undefined_arch
    export PER_VARIANT_OBJECT_FILE_DIR\=/Users/danieo/Library/Developer/Xcode/DerivedData/expobaretypescript-eajbhsakgspgpwdisclkdmwwujcv/Build/Intermediates.noindex/Pods.build/Debug-iphonesimulator/EXConstants.build/Objects-normal
    export PKGINFO_FILE_PATH\=/Users/danieo/Library/Developer/Xcode/DerivedData/expobaretypescript-eajbhsakgspgpwdisclkdmwwujcv/Build/Intermediates.noindex/Pods.build/Debug-iphonesimulator/EXConstants.build/PkgInfo
    export PLATFORM_DEVELOPER_APPLICATIONS_DIR\=/Volumes/G4/Xcode.app/Contents/Developer/Platforms/iPhoneSimulator.platform/Developer/Applications
    export PLATFORM_DEVELOPER_BIN_DIR\=/Volumes/G4/Xcode.app/Contents/Developer/Platforms/iPhoneSimulator.platform/Developer/usr/bin
    export PLATFORM_DEVELOPER_LIBRARY_DIR\=/Volumes/G4/Xcode.app/Contents/Developer/Platforms/iPhoneSimulator.platform/Developer/Library
    export PLATFORM_DEVELOPER_SDK_DIR\=/Volumes/G4/Xcode.app/Contents/Developer/Platforms/iPhoneSimulator.platform/Developer/SDKs
    export PLATFORM_DEVELOPER_TOOLS_DIR\=/Volumes/G4/Xcode.app/Contents/Developer/Platforms/iPhoneSimulator.platform/Developer/Tools
    export PLATFORM_DEVELOPER_USR_DIR\=/Volumes/G4/Xcode.app/Contents/Developer/Platforms/iPhoneSimulator.platform/Developer/usr
    export PLATFORM_DIR\=/Volumes/G4/Xcode.app/Contents/Developer/Platforms/iPhoneSimulator.platform
    export PLATFORM_DISPLAY_NAME\=iOS\ Simulator
    export PLATFORM_FAMILY_NAME\=iOS
    export PLATFORM_NAME\=iphonesimulator
    export PLATFORM_PREFERRED_ARCH\=x86_64
    export PLATFORM_PRODUCT_BUILD_VERSION\=19E239
    export PLIST_FILE_OUTPUT_FORMAT\=binary
    export PODS_BUILD_DIR\=/Users/danieo/Library/Developer/Xcode/DerivedData/expobaretypescript-eajbhsakgspgpwdisclkdmwwujcv/Build/Products
    export PODS_CONFIGURATION_BUILD_DIR\=/Users/danieo/Library/Developer/Xcode/DerivedData/expobaretypescript-eajbhsakgspgpwdisclkdmwwujcv/Build/Products/Debug-iphonesimulator
    export PODS_ROOT\=/Users/danieo/Documents/codes/react-native/rentx/ios/Pods
    export PODS_TARGET_SRCROOT\=/Users/danieo/Documents/codes/react-native/rentx/ios/Pods/../../node_modules/expo-constants/ios
    export PODS_XCFRAMEWORKS_BUILD_DIR\=/Users/danieo/Library/Developer/Xcode/DerivedData/expobaretypescript-eajbhsakgspgpwdisclkdmwwujcv/Build/Products/Debug-iphonesimulator/XCFrameworkIntermediates
    export PRECOMPS_INCLUDE_HEADERS_FROM_BUILT_PRODUCTS_DIR\=YES
    export PRECOMP_DESTINATION_DIR\=/Users/danieo/Library/Developer/Xcode/DerivedData/expobaretypescript-eajbhsakgspgpwdisclkdmwwujcv/Build/Intermediates.noindex/Pods.build/Debug-iphonesimulator/EXConstants.build/PrefixHeaders
    export PRESERVE_DEAD_CODE_INITS_AND_TERMS\=NO
    export PRODUCT_BUNDLE_IDENTIFIER\=org.cocoapods.EXConstants
    export PRODUCT_MODULE_NAME\=EXConstants
    export PRODUCT_NAME\=EXConstants
    export PRODUCT_SETTINGS_PATH\=
    export PRODUCT_TYPE\=com.apple.product-type.library.static
    export PROFILING_CODE\=NO
    export PROJECT\=Pods
    export PROJECT_DERIVED_FILE_DIR\=/Users/danieo/Library/Developer/Xcode/DerivedData/expobaretypescript-eajbhsakgspgpwdisclkdmwwujcv/Build/Intermediates.noindex/Pods.build/DerivedSources
    export PROJECT_DIR\=/Users/danieo/Documents/codes/react-native/rentx/ios/Pods
    export PROJECT_FILE_PATH\=/Users/danieo/Documents/codes/react-native/rentx/ios/Pods/Pods.xcodeproj
    export PROJECT_NAME\=Pods
    export PROJECT_TEMP_DIR\=/Users/danieo/Library/Developer/Xcode/DerivedData/expobaretypescript-eajbhsakgspgpwdisclkdmwwujcv/Build/Intermediates.noindex/Pods.build
    export PROJECT_TEMP_ROOT\=/Users/danieo/Library/Developer/Xcode/DerivedData/expobaretypescript-eajbhsakgspgpwdisclkdmwwujcv/Build/Intermediates.noindex
    export RECURSIVE_SEARCH_PATHS_FOLLOW_SYMLINKS\=YES
    export REMOVE_CVS_FROM_RESOURCES\=YES
    export REMOVE_GIT_FROM_RESOURCES\=YES
    export REMOVE_HEADERS_FROM_EMBEDDED_BUNDLES\=YES
    export REMOVE_HG_FROM_RESOURCES\=YES
    export REMOVE_SVN_FROM_RESOURCES\=YES
    export REZ_COLLECTOR_DIR\=/Users/danieo/Library/Developer/Xcode/DerivedData/expobaretypescript-eajbhsakgspgpwdisclkdmwwujcv/Build/Intermediates.noindex/Pods.build/Debug-iphonesimulator/EXConstants.build/ResourceManagerResources
    export REZ_EXECUTABLE\=YES
    export REZ_OBJECTS_DIR\=/Users/danieo/Library/Developer/Xcode/DerivedData/expobaretypescript-eajbhsakgspgpwdisclkdmwwujcv/Build/Intermediates.noindex/Pods.build/Debug-iphonesimulator/EXConstants.build/ResourceManagerResources/Objects
    export REZ_SEARCH_PATHS\=/Users/danieo/Library/Developer/Xcode/DerivedData/expobaretypescript-eajbhsakgspgpwdisclkdmwwujcv/Build/Products/Debug-iphonesimulator/EXConstants\ 
    export SCAN_ALL_SOURCE_FILES_FOR_INCLUDES\=NO
    export SCRIPT_INPUT_FILE_COUNT\=0
    export SCRIPT_INPUT_FILE_LIST_COUNT\=0
    export SCRIPT_OUTPUT_FILE_COUNT\=0
    export SCRIPT_OUTPUT_FILE_LIST_COUNT\=0
    export SDKROOT\=/Volumes/G4/Xcode.app/Contents/Developer/Platforms/iPhoneSimulator.platform/Developer/SDKs/iPhoneSimulator15.4.sdk
    export SDK_DIR\=/Volumes/G4/Xcode.app/Contents/Developer/Platforms/iPhoneSimulator.platform/Developer/SDKs/iPhoneSimulator15.4.sdk
    export SDK_DIR_iphonesimulator\=/Volumes/G4/Xcode.app/Contents/Developer/Platforms/iPhoneSimulator.platform/Developer/SDKs/iPhoneSimulator15.4.sdk
    export SDK_DIR_iphonesimulator15_4\=/Volumes/G4/Xcode.app/Contents/Developer/Platforms/iPhoneSimulator.platform/Developer/SDKs/iPhoneSimulator15.4.sdk
    export SDK_NAME\=iphonesimulator15.4
    export SDK_NAMES\=iphonesimulator15.4
    export SDK_PRODUCT_BUILD_VERSION\=19E239
    export SDK_VERSION\=15.4
    export SDK_VERSION_ACTUAL\=150400
    export SDK_VERSION_MAJOR\=150000
    export SDK_VERSION_MINOR\=150400
    export SED\=/usr/bin/sed
    export SEPARATE_STRIP\=NO
    export SEPARATE_SYMBOL_EDIT\=NO
    export SET_DIR_MODE_OWNER_GROUP\=YES
    export SET_FILE_MODE_OWNER_GROUP\=NO
    export SHALLOW_BUNDLE\=NO
    export SHARED_DERIVED_FILE_DIR\=/Users/danieo/Library/Developer/Xcode/DerivedData/expobaretypescript-eajbhsakgspgpwdisclkdmwwujcv/Build/Products/Debug-iphonesimulator/EXConstants/DerivedSources
    export SHARED_PRECOMPS_DIR\=/Users/danieo/Library/Developer/Xcode/DerivedData/expobaretypescript-eajbhsakgspgpwdisclkdmwwujcv/Build/Intermediates.noindex/PrecompiledHeaders
    export SKIP_INSTALL\=YES
    export SOURCE_ROOT\=/Users/danieo/Documents/codes/react-native/rentx/ios/Pods
    export SRCROOT\=/Users/danieo/Documents/codes/react-native/rentx/ios/Pods
    export STRINGSDATA_DIR\=/Users/danieo/Library/Developer/Xcode/DerivedData/expobaretypescript-eajbhsakgspgpwdisclkdmwwujcv/Build/Intermediates.noindex/Pods.build/Debug-iphonesimulator/EXConstants.build/Objects-normal/undefined_arch
    export STRINGSDATA_ROOT\=/Users/danieo/Library/Developer/Xcode/DerivedData/expobaretypescript-eajbhsakgspgpwdisclkdmwwujcv/Build/Intermediates.noindex/Pods.build/Debug-iphonesimulator/EXConstants.build
    export STRINGS_FILE_INFOPLIST_RENAME\=YES
    export STRINGS_FILE_OUTPUT_ENCODING\=binary
    export STRIP_BITCODE_FROM_COPIED_FILES\=NO
    export STRIP_INSTALLED_PRODUCT\=NO
    export STRIP_STYLE\=debugging
    export STRIP_SWIFT_SYMBOLS\=YES
    export SUPPORTED_DEVICE_FAMILIES\=1,2
    export SUPPORTED_PLATFORMS\=iphoneos\ iphonesimulator
    export SUPPORTS_TEXT_BASED_API\=NO
    export SWIFT_ACTIVE_COMPILATION_CONDITIONS\=DEBUG\ 
    export SWIFT_EMIT_LOC_STRINGS\=NO
    export SWIFT_INCLUDE_PATHS\=/Users/danieo/Library/Developer/Xcode/DerivedData/expobaretypescript-eajbhsakgspgpwdisclkdmwwujcv/Build/Products/Debug-iphonesimulator/EXConstants\ \ \"/Users/danieo/Library/Developer/Xcode/DerivedData/expobaretypescript-eajbhsakgspgpwdisclkdmwwujcv/Build/Products/Debug-iphonesimulator/ExpoModulesCore\"
    export SWIFT_OPTIMIZATION_LEVEL\=-Onone
    export SWIFT_PLATFORM_TARGET_PREFIX\=ios
    export SWIFT_RESPONSE_FILE_PATH_normal_arm64\=/Users/danieo/Library/Developer/Xcode/DerivedData/expobaretypescript-eajbhsakgspgpwdisclkdmwwujcv/Build/Intermediates.noindex/Pods.build/Debug-iphonesimulator/EXConstants.build/Objects-normal/arm64/EXConstants.SwiftFileList
    export SWIFT_VERSION\=5.0
    export SYMROOT\=/Users/danieo/Library/Developer/Xcode/DerivedData/expobaretypescript-eajbhsakgspgpwdisclkdmwwujcv/Build/Products
    export SYSTEM_ADMIN_APPS_DIR\=/Applications/Utilities
    export SYSTEM_APPS_DIR\=/Applications
    export SYSTEM_CORE_SERVICES_DIR\=/System/Library/CoreServices
    export SYSTEM_DEMOS_DIR\=/Applications/Extras
    export SYSTEM_DEVELOPER_APPS_DIR\=/Volumes/G4/Xcode.app/Contents/Developer/Applications
    export SYSTEM_DEVELOPER_BIN_DIR\=/Volumes/G4/Xcode.app/Contents/Developer/usr/bin
    export SYSTEM_DEVELOPER_DEMOS_DIR\=/Volumes/G4/Xcode.app/Contents/Developer/Applications/Utilities/Built\ Examples
    export SYSTEM_DEVELOPER_DIR\=/Volumes/G4/Xcode.app/Contents/Developer
    export SYSTEM_DEVELOPER_DOC_DIR\=/Volumes/G4/Xcode.app/Contents/Developer/ADC\ Reference\ Library
    export SYSTEM_DEVELOPER_GRAPHICS_TOOLS_DIR\=/Volumes/G4/Xcode.app/Contents/Developer/Applications/Graphics\ Tools
    export SYSTEM_DEVELOPER_JAVA_TOOLS_DIR\=/Volumes/G4/Xcode.app/Contents/Developer/Applications/Java\ Tools
    export SYSTEM_DEVELOPER_PERFORMANCE_TOOLS_DIR\=/Volumes/G4/Xcode.app/Contents/Developer/Applications/Performance\ Tools
    export SYSTEM_DEVELOPER_RELEASENOTES_DIR\=/Volumes/G4/Xcode.app/Contents/Developer/ADC\ Reference\ Library/releasenotes
    export SYSTEM_DEVELOPER_TOOLS\=/Volumes/G4/Xcode.app/Contents/Developer/Tools
    export SYSTEM_DEVELOPER_TOOLS_DOC_DIR\=/Volumes/G4/Xcode.app/Contents/Developer/ADC\ Reference\ Library/documentation/DeveloperTools
    export SYSTEM_DEVELOPER_TOOLS_RELEASENOTES_DIR\=/Volumes/G4/Xcode.app/Contents/Developer/ADC\ Reference\ Library/releasenotes/DeveloperTools
    export SYSTEM_DEVELOPER_USR_DIR\=/Volumes/G4/Xcode.app/Contents/Developer/usr
    export SYSTEM_DEVELOPER_UTILITIES_DIR\=/Volumes/G4/Xcode.app/Contents/Developer/Applications/Utilities
    export SYSTEM_DEXT_INSTALL_PATH\=/System/Library/DriverExtensions
    export SYSTEM_DOCUMENTATION_DIR\=/Library/Documentation
    export SYSTEM_KEXT_INSTALL_PATH\=/System/Library/Extensions
    export SYSTEM_LIBRARY_DIR\=/System/Library
    export TAPI_ENABLE_PROJECT_HEADERS\=NO
    export TAPI_VERIFY_MODE\=ErrorsOnly
    export TARGETED_DEVICE_FAMILY\=1,2
    export TARGETNAME\=EXConstants
    export TARGET_BUILD_DIR\=/Users/danieo/Library/Developer/Xcode/DerivedData/expobaretypescript-eajbhsakgspgpwdisclkdmwwujcv/Build/Products/Debug-iphonesimulator/EXConstants
    export TARGET_DEVICE_IDENTIFIER\=BCCCE6E1-A911-4E01-B944-04619EDD5E9E
    export TARGET_DEVICE_MODEL\=iPhone14,5
    export TARGET_DEVICE_OS_VERSION\=15.4
    export TARGET_DEVICE_PLATFORM_NAME\=iphonesimulator
    export TARGET_NAME\=EXConstants
    export TARGET_TEMP_DIR\=/Users/danieo/Library/Developer/Xcode/DerivedData/expobaretypescript-eajbhsakgspgpwdisclkdmwwujcv/Build/Intermediates.noindex/Pods.build/Debug-iphonesimulator/EXConstants.build
    export TEMP_DIR\=/Users/danieo/Library/Developer/Xcode/DerivedData/expobaretypescript-eajbhsakgspgpwdisclkdmwwujcv/Build/Intermediates.noindex/Pods.build/Debug-iphonesimulator/EXConstants.build
    export TEMP_FILES_DIR\=/Users/danieo/Library/Developer/Xcode/DerivedData/expobaretypescript-eajbhsakgspgpwdisclkdmwwujcv/Build/Intermediates.noindex/Pods.build/Debug-iphonesimulator/EXConstants.build
    export TEMP_FILE_DIR\=/Users/danieo/Library/Developer/Xcode/DerivedData/expobaretypescript-eajbhsakgspgpwdisclkdmwwujcv/Build/Intermediates.noindex/Pods.build/Debug-iphonesimulator/EXConstants.build
    export TEMP_ROOT\=/Users/danieo/Library/Developer/Xcode/DerivedData/expobaretypescript-eajbhsakgspgpwdisclkdmwwujcv/Build/Intermediates.noindex
    export TEST_FRAMEWORK_SEARCH_PATHS\=\ /Volumes/G4/Xcode.app/Contents/Developer/Platforms/iPhoneSimulator.platform/Developer/Library/Frameworks\ /Volumes/G4/Xcode.app/Contents/Developer/Platforms/iPhoneSimulator.platform/Developer/SDKs/iPhoneSimulator15.4.sdk/Developer/Library/Frameworks
    export TEST_LIBRARY_SEARCH_PATHS\=\ /Volumes/G4/Xcode.app/Contents/Developer/Platforms/iPhoneSimulator.platform/Developer/usr/lib
    export TOOLCHAINS\=com.apple.dt.toolchain.XcodeDefault
    export TOOLCHAIN_DIR\=/Volumes/G4/Xcode.app/Contents/Developer/Toolchains/XcodeDefault.xctoolchain
    export TREAT_MISSING_BASELINES_AS_TEST_FAILURES\=NO
    export UID\=503
    export UNSTRIPPED_PRODUCT\=NO
    export USER\=danieo
    export USER_APPS_DIR\=/Users/danieo/Applications
    export USER_LIBRARY_DIR\=/Users/danieo/Library
    export USE_DYNAMIC_NO_PIC\=YES
    export USE_HEADERMAP\=YES
    export USE_HEADER_SYMLINKS\=NO
    export USE_LLVM_TARGET_TRIPLES\=YES
    export USE_LLVM_TARGET_TRIPLES_FOR_CLANG\=YES
    export USE_LLVM_TARGET_TRIPLES_FOR_LD\=YES
    export USE_LLVM_TARGET_TRIPLES_FOR_TAPI\=YES
    export USE_RECURSIVE_SCRIPT_INPUTS_IN_SCRIPT_PHASES\=YES
    export VALIDATE_DEVELOPMENT_ASSET_PATHS\=YES_ERROR
    export VALIDATE_PRODUCT\=NO
    export VALIDATE_WORKSPACE\=YES_ERROR
    export VALID_ARCHS\=arm64\ arm64e\ i386\ x86_64
    export VERBOSE_PBXCP\=NO
    export VERSION_INFO_BUILDER\=danieo
    export VERSION_INFO_FILE\=EXConstants_vers.c
    export VERSION_INFO_STRING\=\"@\(\#\)PROGRAM:EXConstants\ \ PROJECT:Pods-\"
    export WRAP_ASSET_PACKS_IN_SEPARATE_DIRECTORIES\=NO
    export XCODE_APP_SUPPORT_DIR\=/Volumes/G4/Xcode.app/Contents/Developer/Library/Xcode
    export XCODE_PRODUCT_BUILD_VERSION\=13E113
    export XCODE_VERSION_ACTUAL\=1330
    export XCODE_VERSION_MAJOR\=1300
    export XCODE_VERSION_MINOR\=1330
    export XPCSERVICES_FOLDER_PATH\=/XPCServices
    export YACC\=yacc
    export arch\=undefined_arch
    export variant\=normal
    /bin/sh -c /Users/danieo/Library/Developer/Xcode/DerivedData/expobaretypescript-eajbhsakgspgpwdisclkdmwwujcv/Build/Intermediates.noindex/Pods.build/Debug-iphonesimulator/EXConstants.build/Script-46EB2E0000D660.sh

PhaseScriptExecution Start\ Packager /Users/danieo/Library/Developer/Xcode/DerivedData/expobaretypescript-eajbhsakgspgpwdisclkdmwwujcv/Build/Intermediates.noindex/expobaretypescript.build/Debug-iphonesimulator/expobaretypescript.build/Script-FD10A7F022414F080027D42C.sh (in target 'expobaretypescript' from project 'expobaretypescript')
    cd /Users/danieo/Documents/codes/react-native/rentx/ios
    /bin/sh -c /Users/danieo/Library/Developer/Xcode/DerivedData/expobaretypescript-eajbhsakgspgpwdisclkdmwwujcv/Build/Intermediates.noindex/expobaretypescript.build/Debug-iphonesimulator/expobaretypescript.build/Script-FD10A7F022414F080027D42C.sh

PhaseScriptExecution Bundle\ React\ Native\ code\ and\ images /Users/danieo/Library/Developer/Xcode/DerivedData/expobaretypescript-eajbhsakgspgpwdisclkdmwwujcv/Build/Intermediates.noindex/expobaretypescript.build/Debug-iphonesimulator/expobaretypescript.build/Script-00DD1BFF1BD5951E006B06BC.sh (in target 'expobaretypescript' from project 'expobaretypescript')
    cd /Users/danieo/Documents/codes/react-native/rentx/ios
    export ACTION\=build
    export AD_HOC_CODE_SIGNING_ALLOWED\=YES
    export ALLOW_TARGET_PLATFORM_SPECIALIZATION\=NO
    export ALTERNATE_GROUP\=staff
    export ALTERNATE_MODE\=u+w,go-w,a+rX
    export ALTERNATE_OWNER\=danieo
    export ALWAYS_EMBED_SWIFT_STANDARD_LIBRARIES\=YES
    export ALWAYS_SEARCH_USER_PATHS\=NO
    export ALWAYS_USE_SEPARATE_HEADERMAPS\=NO
    export APPLE_INTERNAL_DEVELOPER_DIR\=/AppleInternal/Developer
    export APPLE_INTERNAL_DIR\=/AppleInternal
    export APPLE_INTERNAL_DOCUMENTATION_DIR\=/AppleInternal/Documentation
    export APPLE_INTERNAL_LIBRARY_DIR\=/AppleInternal/Library
    export APPLE_INTERNAL_TOOLS\=/AppleInternal/Developer/Tools
    export APPLICATION_EXTENSION_API_ONLY\=NO
    export APPLY_RULES_IN_COPY_FILES\=NO
    export APPLY_RULES_IN_COPY_HEADERS\=NO
    export ARCHS\=arm64
    export ARCHS_STANDARD\=arm64\ x86_64
    export ARCHS_STANDARD_32_64_BIT\=arm64\ i386\ x86_64
    export ARCHS_STANDARD_32_BIT\=i386
    export ARCHS_STANDARD_64_BIT\=arm64\ x86_64
    export ARCHS_STANDARD_INCLUDING_64_BIT\=arm64\ x86_64
    export ARCHS_UNIVERSAL_IPHONE_OS\=arm64\ i386\ x86_64
    export ASSETCATALOG_COMPILER_APPICON_NAME\=AppIcon
    export ASSETCATALOG_FILTER_FOR_DEVICE_MODEL\=iPhone14,5
    export ASSETCATALOG_FILTER_FOR_DEVICE_OS_VERSION\=15.4
    export AVAILABLE_PLATFORMS\=appletvos\ appletvsimulator\ driverkit\ iphoneos\ iphonesimulator\ macosx\ watchos\ watchsimulator
    export AppIdentifierPrefix\=892VLTZ73P.
    export BITCODE_GENERATION_MODE\=marker
    export BUILD_ACTIVE_RESOURCES_ONLY\=YES
    export BUILD_COMPONENTS\=headers\ build
    export BUILD_DIR\=/Users/danieo/Library/Developer/Xcode/DerivedData/expobaretypescript-eajbhsakgspgpwdisclkdmwwujcv/Build/Products
    export BUILD_LIBRARY_FOR_DISTRIBUTION\=NO
    export BUILD_ROOT\=/Users/danieo/Library/Developer/Xcode/DerivedData/expobaretypescript-eajbhsakgspgpwdisclkdmwwujcv/Build/Products
    export BUILD_STYLE\=
    export BUILD_VARIANTS\=normal
    export BUILT_PRODUCTS_DIR\=/Users/danieo/Library/Developer/Xcode/DerivedData/expobaretypescript-eajbhsakgspgpwdisclkdmwwujcv/Build/Products/Debug-iphonesimulator
    export BUNDLE_CONTENTS_FOLDER_PATH_deep\=Contents/
    export BUNDLE_EXECUTABLE_FOLDER_NAME_deep\=MacOS
    export BUNDLE_FORMAT\=shallow
    export BUNDLE_FRAMEWORKS_FOLDER_PATH\=Frameworks
    export BUNDLE_PLUGINS_FOLDER_PATH\=PlugIns
    export BUNDLE_PRIVATE_HEADERS_FOLDER_PATH\=PrivateHeaders
    export BUNDLE_PUBLIC_HEADERS_FOLDER_PATH\=Headers
    export CACHE_ROOT\=/var/folders/kz/p0132zl94cv87ly3dx9syps00000gq/C/com.apple.DeveloperTools/13.3-13E113/Xcode
    export CCHROOT\=/var/folders/kz/p0132zl94cv87ly3dx9syps00000gq/C/com.apple.DeveloperTools/13.3-13E113/Xcode
    export CHMOD\=/bin/chmod
    export CHOWN\=/usr/sbin/chown
    export CLANG_ANALYZER_LOCALIZABILITY_NONLOCALIZED\=YES
    export CLANG_CXX_LANGUAGE_STANDARD\=c++17
    export CLANG_CXX_LIBRARY\=libc++
    export CLANG_ENABLE_MODULES\=YES
    export CLANG_ENABLE_OBJC_ARC\=YES
    export CLANG_MODULES_BUILD_SESSION_FILE\=/Users/danieo/Library/Developer/Xcode/DerivedData/ModuleCache.noindex/Session.modulevalidation
    export CLANG_WARN_BLOCK_CAPTURE_AUTORELEASING\=YES
    export CLANG_WARN_BOOL_CONVERSION\=YES
    export CLANG_WARN_COMMA\=YES
    export CLANG_WARN_CONSTANT_CONVERSION\=YES
    export CLANG_WARN_DEPRECATED_OBJC_IMPLEMENTATIONS\=YES
    export CLANG_WARN_DIRECT_OBJC_ISA_USAGE\=YES_ERROR
    export CLANG_WARN_EMPTY_BODY\=YES
    export CLANG_WARN_ENUM_CONVERSION\=YES
    export CLANG_WARN_INFINITE_RECURSION\=YES
    export CLANG_WARN_INT_CONVERSION\=YES
    export CLANG_WARN_NON_LITERAL_NULL_CONVERSION\=YES
    export CLANG_WARN_OBJC_IMPLICIT_RETAIN_SELF\=YES
    export CLANG_WARN_OBJC_LITERAL_CONVERSION\=YES
    export CLANG_WARN_OBJC_ROOT_CLASS\=YES_ERROR
    export CLANG_WARN_QUOTED_INCLUDE_IN_FRAMEWORK_HEADER\=NO
    export CLANG_WARN_RANGE_LOOP_ANALYSIS\=YES
    export CLANG_WARN_STRICT_PROTOTYPES\=YES
    export CLANG_WARN_SUSPICIOUS_MOVE\=YES
    export CLANG_WARN_UNREACHABLE_CODE\=YES
    export CLANG_WARN__DUPLICATE_METHOD_MATCH\=YES
    export CLASS_FILE_DIR\=/Users/danieo/Library/Developer/Xcode/DerivedData/expobaretypescript-eajbhsakgspgpwdisclkdmwwujcv/Build/Intermediates.noindex/expobaretypescript.build/Debug-iphonesimulator/expobaretypescript.build/JavaClasses
    export CLEAN_PRECOMPS\=YES
    export CLONE_HEADERS\=NO
    export CODESIGNING_FOLDER_PATH\=/Users/danieo/Library/Developer/Xcode/DerivedData/expobaretypescript-eajbhsakgspgpwdisclkdmwwujcv/Build/Products/Debug-iphonesimulator/expobaretypescript.app
    export CODE_SIGNING_ALLOWED\=YES
    export CODE_SIGNING_REQUIRED\=YES
    export CODE_SIGN_CONTEXT_CLASS\=XCiPhoneSimulatorCodeSignContext
    export CODE_SIGN_IDENTITY\=-
    export CODE_SIGN_INJECT_BASE_ENTITLEMENTS\=YES
    export COLOR_DIAGNOSTICS\=NO
    export COMBINE_HIDPI_IMAGES\=NO
    export COMPILER_INDEX_STORE_ENABLE\=Default
    export COMPOSITE_SDK_DIRS\=/Users/danieo/Library/Developer/Xcode/DerivedData/expobaretypescript-eajbhsakgspgpwdisclkdmwwujcv/Build/Intermediates.noindex/CompositeSDKs
    export COMPRESS_PNG_FILES\=YES
    export CONFIGURATION\=Debug
    export CONFIGURATION_BUILD_DIR\=/Users/danieo/Library/Developer/Xcode/DerivedData/expobaretypescript-eajbhsakgspgpwdisclkdmwwujcv/Build/Products/Debug-iphonesimulator
    export CONFIGURATION_TEMP_DIR\=/Users/danieo/Library/Developer/Xcode/DerivedData/expobaretypescript-eajbhsakgspgpwdisclkdmwwujcv/Build/Intermediates.noindex/expobaretypescript.build/Debug-iphonesimulator
    export CONTENTS_FOLDER_PATH\=expobaretypescript.app
    export CONTENTS_FOLDER_PATH_SHALLOW_BUNDLE_NO\=expobaretypescript.app/Contents
    export CONTENTS_FOLDER_PATH_SHALLOW_BUNDLE_YES\=expobaretypescript.app
    export COPYING_PRESERVES_HFS_DATA\=NO
    export COPY_HEADERS_RUN_UNIFDEF\=NO
    export COPY_PHASE_STRIP\=NO
    export COPY_RESOURCES_FROM_STATIC_FRAMEWORKS\=YES
    export CORRESPONDING_DEVICE_PLATFORM_DIR\=/Volumes/G4/Xcode.app/Contents/Developer/Platforms/iPhoneOS.platform
    export CORRESPONDING_DEVICE_PLATFORM_NAME\=iphoneos
    export CORRESPONDING_DEVICE_SDK_DIR\=/Volumes/G4/Xcode.app/Contents/Developer/Platforms/iPhoneOS.platform/Developer/SDKs/iPhoneOS15.4.sdk
    export CORRESPONDING_DEVICE_SDK_NAME\=iphoneos15.4
    export CP\=/bin/cp
    export CREATE_INFOPLIST_SECTION_IN_BINARY\=NO
    export CURRENT_ARCH\=undefined_arch
    export CURRENT_PROJECT_VERSION\=1
    export CURRENT_VARIANT\=normal
    export DEAD_CODE_STRIPPING\=YES
    export DEBUGGING_SYMBOLS\=YES
    export DEBUG_INFORMATION_FORMAT\=dwarf-with-dsym
    export DEFAULT_COMPILER\=com.apple.compilers.llvm.clang.1_0
    export DEFAULT_DEXT_INSTALL_PATH\=/System/Library/DriverExtensions
    export DEFAULT_KEXT_INSTALL_PATH\=/System/Library/Extensions
    export DEFINES_MODULE\=NO
    export DEPLOYMENT_LOCATION\=NO
    export DEPLOYMENT_POSTPROCESSING\=NO
    export DEPLOYMENT_TARGET_SETTING_NAME\=IPHONEOS_DEPLOYMENT_TARGET
    export DEPLOYMENT_TARGET_SUGGESTED_VALUES\=9.0\ 9.1\ 9.2\ 9.3\ 10.0\ 10.1\ 10.2\ 10.3\ 11.0\ 11.1\ 11.2\ 11.3\ 11.4\ 12.0\ 12.1\ 12.2\ 12.3\ 12.4\ 13.0\ 13.1\ 13.2\ 13.3\ 13.4\ 13.5\ 13.6\ 14.0\ 14.1\ 14.2\ 14.3\ 14.4\ 14.5\ 14.6\ 14.7\ 15.0\ 15.1\ 15.2\ 15.3\ 15.4
    export DERIVED_FILES_DIR\=/Users/danieo/Library/Developer/Xcode/DerivedData/expobaretypescript-eajbhsakgspgpwdisclkdmwwujcv/Build/Intermediates.noindex/expobaretypescript.build/Debug-iphonesimulator/expobaretypescript.build/DerivedSources
    export DERIVED_FILE_DIR\=/Users/danieo/Library/Developer/Xcode/DerivedData/expobaretypescript-eajbhsakgspgpwdisclkdmwwujcv/Build/Intermediates.noindex/expobaretypescript.build/Debug-iphonesimulator/expobaretypescript.build/DerivedSources
    export DERIVED_SOURCES_DIR\=/Users/danieo/Library/Developer/Xcode/DerivedData/expobaretypescript-eajbhsakgspgpwdisclkdmwwujcv/Build/Intermediates.noindex/expobaretypescript.build/Debug-iphonesimulator/expobaretypescript.build/DerivedSources
    export DEVELOPER_APPLICATIONS_DIR\=/Volumes/G4/Xcode.app/Contents/Developer/Applications
    export DEVELOPER_BIN_DIR\=/Volumes/G4/Xcode.app/Contents/Developer/usr/bin
    export DEVELOPER_DIR\=/Volumes/G4/Xcode.app/Contents/Developer
    export DEVELOPER_FRAMEWORKS_DIR\=/Volumes/G4/Xcode.app/Contents/Developer/Library/Frameworks
    export DEVELOPER_FRAMEWORKS_DIR_QUOTED\=/Volumes/G4/Xcode.app/Contents/Developer/Library/Frameworks
    export DEVELOPER_LIBRARY_DIR\=/Volumes/G4/Xcode.app/Contents/Developer/Library
    export DEVELOPER_SDK_DIR\=/Volumes/G4/Xcode.app/Contents/Developer/Platforms/MacOSX.platform/Developer/SDKs
    export DEVELOPER_TOOLS_DIR\=/Volumes/G4/Xcode.app/Contents/Developer/Tools
    export DEVELOPER_USR_DIR\=/Volumes/G4/Xcode.app/Contents/Developer/usr
    export DEVELOPMENT_LANGUAGE\=en
    export DOCUMENTATION_FOLDER_PATH\=expobaretypescript.app/en.lproj/Documentation
    export DONT_GENERATE_INFOPLIST_FILE\=NO
    export DO_HEADER_SCANNING_IN_JAM\=NO
    export DSTROOT\=/tmp/expobaretypescript.dst
    export DT_TOOLCHAIN_DIR\=/Volumes/G4/Xcode.app/Contents/Developer/Toolchains/XcodeDefault.xctoolchain
    export DWARF_DSYM_FILE_NAME\=expobaretypescript.app.dSYM
    export DWARF_DSYM_FILE_SHOULD_ACCOMPANY_PRODUCT\=NO
    export DWARF_DSYM_FOLDER_PATH\=/Users/danieo/Library/Developer/Xcode/DerivedData/expobaretypescript-eajbhsakgspgpwdisclkdmwwujcv/Build/Products/Debug-iphonesimulator
    export DYNAMIC_LIBRARY_EXTENSION\=dylib
    export EFFECTIVE_PLATFORM_NAME\=-iphonesimulator
    export EMBEDDED_CONTENT_CONTAINS_SWIFT\=NO
    export EMBED_ASSET_PACKS_IN_PRODUCT_BUNDLE\=NO
    export ENABLE_APP_SANDBOX\=NO
    export ENABLE_BITCODE\=NO
    export ENABLE_DEFAULT_HEADER_SEARCH_PATHS\=YES
    export ENABLE_DEFAULT_SEARCH_PATHS\=YES
    export ENABLE_HARDENED_RUNTIME\=NO
    export ENABLE_HEADER_DEPENDENCIES\=YES
    export ENABLE_ON_DEMAND_RESOURCES\=YES
    export ENABLE_PREVIEWS\=NO
    export ENABLE_STRICT_OBJC_MSGSEND\=YES
    export ENABLE_TESTABILITY\=YES
    export ENABLE_TESTING_SEARCH_PATHS\=NO
    export ENTITLEMENTS_DESTINATION\=__entitlements
    export ENTITLEMENTS_REQUIRED\=NO
    export EXCLUDED_INSTALLSRC_SUBDIRECTORY_PATTERNS\=.DS_Store\ .svn\ .git\ .hg\ CVS
    export EXCLUDED_RECURSIVE_SEARCH_PATH_SUBDIRECTORIES\=\*.nib\ \*.lproj\ \*.framework\ \*.gch\ \*.xcode\*\ \*.xcassets\ \(\*\)\ .DS_Store\ CVS\ .svn\ .git\ .hg\ \*.pbproj\ \*.pbxproj
    export EXECUTABLES_FOLDER_PATH\=expobaretypescript.app/Executables
    export EXECUTABLE_FOLDER_PATH\=expobaretypescript.app
    export EXECUTABLE_FOLDER_PATH_SHALLOW_BUNDLE_NO\=expobaretypescript.app/MacOS
    export EXECUTABLE_FOLDER_PATH_SHALLOW_BUNDLE_YES\=expobaretypescript.app
    export EXECUTABLE_NAME\=expobaretypescript
    export EXECUTABLE_PATH\=expobaretypescript.app/expobaretypescript
    export EXPANDED_CODE_SIGN_IDENTITY\=-
    export EXPANDED_CODE_SIGN_IDENTITY_NAME\=-
    export FILE_LIST\=/Users/danieo/Library/Developer/Xcode/DerivedData/expobaretypescript-eajbhsakgspgpwdisclkdmwwujcv/Build/Intermediates.noindex/expobaretypescript.build/Debug-iphonesimulator/expobaretypescript.build/Objects/LinkFileList
    export FIXED_FILES_DIR\=/Users/danieo/Library/Developer/Xcode/DerivedData/expobaretypescript-eajbhsakgspgpwdisclkdmwwujcv/Build/Intermediates.noindex/expobaretypescript.build/Debug-iphonesimulator/expobaretypescript.build/FixedFiles
    export FRAMEWORKS_FOLDER_PATH\=expobaretypescript.app/Frameworks
    export FRAMEWORK_FLAG_PREFIX\=-framework
    export FRAMEWORK_SEARCH_PATHS\=/Users/danieo/Library/Developer/Xcode/DerivedData/expobaretypescript-eajbhsakgspgpwdisclkdmwwujcv/Build/Products/Debug-iphonesimulator\ \ \"/Users/danieo/Documents/codes/react-native/rentx/ios/Pods/../../node_modules/expo-file-system/ios\"\ \"/Users/danieo/Documents/codes/react-native/rentx/ios/Pods/../../node_modules/expo-splash-screen/ios\"\ \"/Users/danieo/Library/Developer/Xcode/DerivedData/expobaretypescript-eajbhsakgspgpwdisclkdmwwujcv/Build/Products/Debug-iphonesimulator/XCFrameworkIntermediates/EXFileSystem\"\ \"/Users/danieo/Library/Developer/Xcode/DerivedData/expobaretypescript-eajbhsakgspgpwdisclkdmwwujcv/Build/Products/Debug-iphonesimulator/XCFrameworkIntermediates/EXSplashScreen\"
    export FRAMEWORK_VERSION\=A
    export FULL_PRODUCT_NAME\=expobaretypescript.app
    export GCC3_VERSION\=3.3
    export GCC_C_LANGUAGE_STANDARD\=gnu99
    export GCC_DYNAMIC_NO_PIC\=NO
    export GCC_INLINES_ARE_PRIVATE_EXTERN\=YES
    export GCC_NO_COMMON_BLOCKS\=YES
    export GCC_OBJC_LEGACY_DISPATCH\=YES
    export GCC_OPTIMIZATION_LEVEL\=0
    export GCC_PFE_FILE_C_DIALECTS\=c\ objective-c\ c++\ objective-c++
    export GCC_PREPROCESSOR_DEFINITIONS\=DEBUG\=1\ \ COCOAPODS\=1\ FB_SONARKIT_ENABLED\=1
    export GCC_SYMBOLS_PRIVATE_EXTERN\=NO
    export GCC_TREAT_WARNINGS_AS_ERRORS\=NO
    export GCC_VERSION\=com.apple.compilers.llvm.clang.1_0
    export GCC_VERSION_IDENTIFIER\=com_apple_compilers_llvm_clang_1_0
    export GCC_WARN_64_TO_32_BIT_CONVERSION\=YES
    export GCC_WARN_ABOUT_RETURN_TYPE\=YES_ERROR
    export GCC_WARN_UNDECLARED_SELECTOR\=YES
    export GCC_WARN_UNINITIALIZED_AUTOS\=YES_AGGRESSIVE
    export GCC_WARN_UNUSED_FUNCTION\=YES
    export GCC_WARN_UNUSED_VARIABLE\=YES
    export GENERATED_MODULEMAP_DIR\=/Users/danieo/Library/Developer/Xcode/DerivedData/expobaretypescript-eajbhsakgspgpwdisclkdmwwujcv/Build/Intermediates.noindex/GeneratedModuleMaps-iphonesimulator
    export GENERATE_INFOPLIST_FILE\=NO
    export GENERATE_MASTER_OBJECT_FILE\=NO
    export GENERATE_PKGINFO_FILE\=YES
    export GENERATE_PROFILING_CODE\=NO
    export GENERATE_TEXT_BASED_STUBS\=NO
    export GID\=20
    export GROUP\=staff
    export HEADERMAP_INCLUDES_FLAT_ENTRIES_FOR_TARGET_BEING_BUILT\=YES
    export HEADERMAP_INCLUDES_FRAMEWORK_ENTRIES_FOR_ALL_PRODUCT_TYPES\=YES
    export HEADERMAP_INCLUDES_NONPUBLIC_NONPRIVATE_HEADERS\=YES
    export HEADERMAP_INCLUDES_PROJECT_HEADERS\=YES
    export HEADERMAP_USES_FRAMEWORK_PREFIX_ENTRIES\=YES
    export HEADERMAP_USES_VFS\=NO
    export HEADER_SEARCH_PATHS\=/Users/danieo/Library/Developer/Xcode/DerivedData/expobaretypescript-eajbhsakgspgpwdisclkdmwwujcv/Build/Products/Debug-iphonesimulator/include\ \ \"/Users/danieo/Documents/codes/react-native/rentx/ios/Pods/Headers/Public\"\ \"/Users/danieo/Documents/codes/react-native/rentx/ios/Pods/Headers/Public/DoubleConversion\"\ \"/Users/danieo/Documents/codes/react-native/rentx/ios/Pods/Headers/Public/EXApplication\"\ \"/Users/danieo/Documents/codes/react-native/rentx/ios/Pods/Headers/Public/EXConstants\"\ \"/Users/danieo/Documents/codes/react-native/rentx/ios/Pods/Headers/Public/EXErrorRecovery\"\ \"/Users/danieo/Documents/codes/react-native/rentx/ios/Pods/Headers/Public/EXFileSystem\"\ \"/Users/danieo/Documents/codes/react-native/rentx/ios/Pods/Headers/Public/EXFont\"\ \"/Users/danieo/Documents/codes/react-native/rentx/ios/Pods/Headers/Public/EXSplashScreen\"\ \"/Users/danieo/Documents/codes/react-native/rentx/ios/Pods/Headers/Public/Expo\"\ \"/Users/danieo/Documents/codes/react-native/rentx/ios/Pods/Headers/Public/ExpoModulesCore\"\ \"/Users/danieo/Documents/codes/react-native/rentx/ios/Pods/Headers/Public/FBLazyVector\"\ \"/Users/danieo/Documents/codes/react-native/rentx/ios/Pods/Headers/Public/RCT-Folly\"\ \"/Users/danieo/Documents/codes/react-native/rentx/ios/Pods/Headers/Public/RCTRequired\"\ \"/Users/danieo/Documents/codes/react-native/rentx/ios/Pods/Headers/Public/RCTTypeSafety\"\ \"/Users/danieo/Documents/codes/react-native/rentx/ios/Pods/Headers/Public/RNSVG\"\ \"/Users/danieo/Documents/codes/react-native/rentx/ios/Pods/Headers/Public/React-Codegen\"\ \"/Users/danieo/Documents/codes/react-native/rentx/ios/Pods/Headers/Public/React-Core\"\ \"/Users/danieo/Documents/codes/react-native/rentx/ios/Pods/Headers/Public/React-RCTBlob\"\ \"/Users/danieo/Documents/codes/react-native/rentx/ios/Pods/Headers/Public/React-RCTText\"\ \"/Users/danieo/Documents/codes/react-native/rentx/ios/Pods/Headers/Public/React-callinvoker\"\ \"/Users/danieo/Documents/codes/react-native/rentx/ios/Pods/Headers/Public/React-cxxreact\"\ \"/Users/danieo/Documents/codes/react-native/rentx/ios/Pods/Headers/Public/React-jsi\"\ \"/Users/danieo/Documents/codes/react-native/rentx/ios/Pods/Headers/Public/React-jsiexecutor\"\ \"/Users/danieo/Documents/codes/react-native/rentx/ios/Pods/Headers/Public/React-jsinspector\"\ \"/Users/danieo/Documents/codes/react-native/rentx/ios/Pods/Headers/Public/React-logger\"\ \"/Users/danieo/Documents/codes/react-native/rentx/ios/Pods/Headers/Public/React-perflogger\"\ \"/Users/danieo/Documents/codes/react-native/rentx/ios/Pods/Headers/Public/React-runtimeexecutor\"\ \"/Users/danieo/Documents/codes/react-native/rentx/ios/Pods/Headers/Public/ReactCommon\"\ \"/Users/danieo/Documents/codes/react-native/rentx/ios/Pods/Headers/Public/Yoga\"\ \"/Users/danieo/Documents/codes/react-native/rentx/ios/Pods/Headers/Public/fmt\"\ \"/Users/danieo/Documents/codes/react-native/rentx/ios/Pods/Headers/Public/glog\"\ \"/Users/danieo/Documents/codes/react-native/rentx/ios/Pods/DoubleConversion\"\ \"/Users/danieo/Library/Developer/Xcode/DerivedData/expobaretypescript-eajbhsakgspgpwdisclkdmwwujcv/Build/Products/Debug-iphonesimulator/ExpoModulesCore/Swift\ Compatibility\ Header\"\ \"/Users/danieo/Documents/codes/react-native/rentx/ios/Pods/boost\"\ \"/Users/danieo/Documents/codes/react-native/rentx/ios/Pods/Headers/Private/React-Core\"
    export HIDE_BITCODE_SYMBOLS\=YES
    export HOME\=/Users/danieo
    export ICONV\=/usr/bin/iconv
    export INFOPLIST_EXPAND_BUILD_SETTINGS\=YES
    export INFOPLIST_FILE\=expobaretypescript/Info.plist
    export INFOPLIST_OUTPUT_FORMAT\=binary
    export INFOPLIST_PATH\=expobaretypescript.app/Info.plist
    export INFOPLIST_PREPROCESS\=NO
    export INFOSTRINGS_PATH\=expobaretypescript.app/en.lproj/InfoPlist.strings
    export INLINE_PRIVATE_FRAMEWORKS\=NO
    export INSTALLHDRS_COPY_PHASE\=NO
    export INSTALLHDRS_SCRIPT_PHASE\=NO
    export INSTALL_DIR\=/tmp/expobaretypescript.dst/Applications
    export INSTALL_GROUP\=staff
    export INSTALL_MODE_FLAG\=u+w,go-w,a+rX
    export INSTALL_OWNER\=danieo
    export INSTALL_PATH\=/Applications
    export INSTALL_ROOT\=/tmp/expobaretypescript.dst
    export IPHONEOS_DEPLOYMENT_TARGET\=12.0
    export JAVAC_DEFAULT_FLAGS\=-J-Xms64m\ -J-XX:NewSize\=4M\ -J-Dfile.encoding\=UTF8
    export JAVA_APP_STUB\=/System/Library/Frameworks/JavaVM.framework/Resources/MacOS/JavaApplicationStub
    export JAVA_ARCHIVE_CLASSES\=YES
    export JAVA_ARCHIVE_TYPE\=JAR
    export JAVA_COMPILER\=/usr/bin/javac
    export JAVA_FOLDER_PATH\=expobaretypescript.app/Java
    export JAVA_FRAMEWORK_RESOURCES_DIRS\=Resources
    export JAVA_JAR_FLAGS\=cv
    export JAVA_SOURCE_SUBDIR\=.
    export JAVA_USE_DEPENDENCIES\=YES
    export JAVA_ZIP_FLAGS\=-urg
    export JIKES_DEFAULT_FLAGS\=+E\ +OLDCSO
    export KEEP_PRIVATE_EXTERNS\=NO
    export LD_DEPENDENCY_INFO_FILE\=/Users/danieo/Library/Developer/Xcode/DerivedData/expobaretypescript-eajbhsakgspgpwdisclkdmwwujcv/Build/Intermediates.noindex/expobaretypescript.build/Debug-iphonesimulator/expobaretypescript.build/Objects-normal/undefined_arch/expobaretypescript_dependency_info.dat
    export LD_ENTITLEMENTS_SECTION\=/Users/danieo/Library/Developer/Xcode/DerivedData/expobaretypescript-eajbhsakgspgpwdisclkdmwwujcv/Build/Intermediates.noindex/expobaretypescript.build/Debug-iphonesimulator/expobaretypescript.build/expobaretypescript.app-Simulated.xcent
    export LD_GENERATE_MAP_FILE\=NO
    export LD_MAP_FILE_PATH\=/Users/danieo/Library/Developer/Xcode/DerivedData/expobaretypescript-eajbhsakgspgpwdisclkdmwwujcv/Build/Intermediates.noindex/expobaretypescript.build/Debug-iphonesimulator/expobaretypescript.build/expobaretypescript-LinkMap-normal-undefined_arch.txt
    export LD_NO_PIE\=NO
    export LD_QUOTE_LINKER_ARGUMENTS_FOR_COMPILER_DRIVER\=YES
    export LD_RUNPATH_SEARCH_PATHS\=/usr/lib/swift\ \ @executable_path/Frameworks
    export LEGACY_DEVELOPER_DIR\=/Volumes/G4/Xcode.app/Contents/PlugIns/Xcode3Core.ideplugin/Contents/SharedSupport/Developer
    export LEX\=lex
    export LIBRARY_DEXT_INSTALL_PATH\=/Library/DriverExtensions
    export LIBRARY_FLAG_NOSPACE\=YES
    export LIBRARY_FLAG_PREFIX\=-l
    export LIBRARY_KEXT_INSTALL_PATH\=/Library/Extensions
    export LIBRARY_SEARCH_PATHS\=/Users/danieo/Library/Developer/Xcode/DerivedData/expobaretypescript-eajbhsakgspgpwdisclkdmwwujcv/Build/Products/Debug-iphonesimulator\ /Volumes/G4/Xcode.app/Contents/Developer/Toolchains/XcodeDefault.xctoolchain/usr/lib/swift/iphonesimulator\ /Users/danieo/Library/Developer/Xcode/DerivedData/expobaretypescript-eajbhsakgspgpwdisclkdmwwujcv/Build/Products/Debug-iphonesimulator/DoubleConversion\ /Users/danieo/Library/Developer/Xcode/DerivedData/expobaretypescript-eajbhsakgspgpwdisclkdmwwujcv/Build/Products/Debug-iphonesimulator/EXApplication\ /Users/danieo/Library/Developer/Xcode/DerivedData/expobaretypescript-eajbhsakgspgpwdisclkdmwwujcv/Build/Products/Debug-iphonesimulator/EXConstants\ /Users/danieo/Library/Developer/Xcode/DerivedData/expobaretypescript-eajbhsakgspgpwdisclkdmwwujcv/Build/Products/Debug-iphonesimulator/EXErrorRecovery\ /Users/danieo/Library/Developer/Xcode/DerivedData/expobaretypescript-eajbhsakgspgpwdisclkdmwwujcv/Build/Products/Debug-iphonesimulator/EXFont\ /Users/danieo/Library/Developer/Xcode/DerivedData/expobaretypescript-eajbhsakgspgpwdisclkdmwwujcv/Build/Products/Debug-iphonesimulator/Expo\ /Users/danieo/Library/Developer/Xcode/DerivedData/expobaretypescript-eajbhsakgspgpwdisclkdmwwujcv/Build/Products/Debug-iphonesimulator/ExpoKeepAwake\ /Users/danieo/Library/Developer/Xcode/DerivedData/expobaretypescript-eajbhsakgspgpwdisclkdmwwujcv/Build/Products/Debug-iphonesimulator/ExpoModulesCore\ /Users/danieo/Library/Developer/Xcode/DerivedData/expobaretypescript-eajbhsakgspgpwdisclkdmwwujcv/Build/Products/Debug-iphonesimulator/RCT-Folly\ /Users/danieo/Library/Developer/Xcode/DerivedData/expobaretypescript-eajbhsakgspgpwdisclkdmwwujcv/Build/Products/Debug-iphonesimulator/RCTTypeSafety\ /Users/danieo/Library/Developer/Xcode/DerivedData/expobaretypescript-eajbhsakgspgpwdisclkdmwwujcv/Build/Products/Debug-iphonesimulator/RNSVG\ /Users/danieo/Library/Developer/Xcode/DerivedData/expobaretypescript-eajbhsakgspgpwdisclkdmwwujcv/Build/Products/Debug-iphonesimulator/React-Codegen\ /Users/danieo/Library/Developer/Xcode/DerivedData/expobaretypescript-eajbhsakgspgpwdisclkdmwwujcv/Build/Products/Debug-iphonesimulator/React-Core\ /Users/danieo/Library/Developer/Xcode/DerivedData/expobaretypescript-eajbhsakgspgpwdisclkdmwwujcv/Build/Products/Debug-iphonesimulator/React-CoreModules\ /Users/danieo/Library/Developer/Xcode/DerivedData/expobaretypescript-eajbhsakgspgpwdisclkdmwwujcv/Build/Products/Debug-iphonesimulator/React-RCTAnimation\ /Users/danieo/Library/Developer/Xcode/DerivedData/expobaretypescript-eajbhsakgspgpwdisclkdmwwujcv/Build/Products/Debug-iphonesimulator/React-RCTBlob\ /Users/danieo/Library/Developer/Xcode/DerivedData/expobaretypescript-eajbhsakgspgpwdisclkdmwwujcv/Build/Products/Debug-iphonesimulator/React-RCTImage\ /Users/danieo/Library/Developer/Xcode/DerivedData/expobaretypescript-eajbhsakgspgpwdisclkdmwwujcv/Build/Products/Debug-iphonesimulator/React-RCTLinking\ /Users/danieo/Library/Developer/Xcode/DerivedData/expobaretypescript-eajbhsakgspgpwdisclkdmwwujcv/Build/Products/Debug-iphonesimulator/React-RCTNetwork\ /Users/danieo/Library/Developer/Xcode/DerivedData/expobaretypescript-eajbhsakgspgpwdisclkdmwwujcv/Build/Products/Debug-iphonesimulator/React-RCTSettings\ /Users/danieo/Library/Developer/Xcode/DerivedData/expobaretypescript-eajbhsakgspgpwdisclkdmwwujcv/Build/Products/Debug-iphonesimulator/React-RCTText\ /Users/danieo/Library/Developer/Xcode/DerivedData/expobaretypescript-eajbhsakgspgpwdisclkdmwwujcv/Build/Products/Debug-iphonesimulator/React-RCTVibration\ /Users/danieo/Library/Developer/Xcode/DerivedData/expobaretypescript-eajbhsakgspgpwdisclkdmwwujcv/Build/Products/Debug-iphonesimulator/React-cxxreact\ /Users/danieo/Library/Developer/Xcode/DerivedData/expobaretypescript-eajbhsakgspgpwdisclkdmwwujcv/Build/Products/Debug-iphonesimulator/React-jsi\ /Users/danieo/Library/Developer/Xcode/DerivedData/expobaretypescript-eajbhsakgspgpwdisclkdmwwujcv/Build/Products/Debug-iphonesimulator/React-jsiexecutor\ /Users/danieo/Library/Developer/Xcode/DerivedData/expobaretypescript-eajbhsakgspgpwdisclkdmwwujcv/Build/Products/Debug-iphonesimulator/React-jsinspector\ /Users/danieo/Library/Developer/Xcode/DerivedData/expobaretypescript-eajbhsakgspgpwdisclkdmwwujcv/Build/Products/Debug-iphonesimulator/React-logger\ /Users/danieo/Library/Developer/Xcode/DerivedData/expobaretypescript-eajbhsakgspgpwdisclkdmwwujcv/Build/Products/Debug-iphonesimulator/React-perflogger\ /Users/danieo/Library/Developer/Xcode/DerivedData/expobaretypescript-eajbhsakgspgpwdisclkdmwwujcv/Build/Products/Debug-iphonesimulator/ReactCommon\ /Users/danieo/Library/Developer/Xcode/DerivedData/expobaretypescript-eajbhsakgspgpwdisclkdmwwujcv/Build/Products/Debug-iphonesimulator/Yoga\ /Users/danieo/Library/Developer/Xcode/DerivedData/expobaretypescript-eajbhsakgspgpwdisclkdmwwujcv/Build/Products/Debug-iphonesimulator/fmt\ /Users/danieo/Library/Developer/Xcode/DerivedData/expobaretypescript-eajbhsakgspgpwdisclkdmwwujcv/Build/Products/Debug-iphonesimulator/glog\ /Volumes/G4/Xcode.app/Contents/Developer/Platforms/iPhoneSimulator.platform/Developer/SDKs/iPhoneSimulator15.4.sdk/usr/lib/swift
    export LINKER_DISPLAYS_MANGLED_NAMES\=NO
    export LINK_FILE_LIST_normal_arm64\=/Users/danieo/Library/Developer/Xcode/DerivedData/expobaretypescript-eajbhsakgspgpwdisclkdmwwujcv/Build/Intermediates.noindex/expobaretypescript.build/Debug-iphonesimulator/expobaretypescript.build/Objects-normal/arm64/expobaretypescript.LinkFileList
    export LINK_WITH_STANDARD_LIBRARIES\=YES
    export LLVM_TARGET_TRIPLE_OS_VERSION\=ios12.0
    export LLVM_TARGET_TRIPLE_SUFFIX\=-simulator
    export LLVM_TARGET_TRIPLE_VENDOR\=apple
    export LOCALIZATION_EXPORT_SUPPORTED\=YES
    export LOCALIZED_RESOURCES_FOLDER_PATH\=expobaretypescript.app/en.lproj
    export LOCALIZED_STRING_MACRO_NAMES\=NSLocalizedString\ CFCopyLocalizedString
    export LOCALIZED_STRING_SWIFTUI_SUPPORT\=YES
    export LOCAL_ADMIN_APPS_DIR\=/Applications/Utilities
    export LOCAL_APPS_DIR\=/Applications
    export LOCAL_DEVELOPER_DIR\=/Library/Developer
    export LOCAL_LIBRARY_DIR\=/Library
    export LOCROOT\=/Users/danieo/Documents/codes/react-native/rentx/ios
    export LOCSYMROOT\=/Users/danieo/Documents/codes/react-native/rentx/ios
    export MACH_O_TYPE\=mh_execute
    export MAC_OS_X_PRODUCT_BUILD_VERSION\=21F79
    export MAC_OS_X_VERSION_ACTUAL\=120400
    export MAC_OS_X_VERSION_MAJOR\=120000
    export MAC_OS_X_VERSION_MINOR\=120400
    export METAL_LIBRARY_FILE_BASE\=default
    export METAL_LIBRARY_OUTPUT_DIR\=/Users/danieo/Library/Developer/Xcode/DerivedData/expobaretypescript-eajbhsakgspgpwdisclkdmwwujcv/Build/Products/Debug-iphonesimulator/expobaretypescript.app
    export MODULES_FOLDER_PATH\=expobaretypescript.app/Modules
    export MODULE_CACHE_DIR\=/Users/danieo/Library/Developer/Xcode/DerivedData/ModuleCache.noindex
    export MTL_ENABLE_DEBUG_INFO\=YES
    export NATIVE_ARCH\=arm64
    export NATIVE_ARCH_32_BIT\=arm
    export NATIVE_ARCH_64_BIT\=arm64
    export NATIVE_ARCH_ACTUAL\=arm64
    export NO_COMMON\=YES
    export OBJC_ABI_VERSION\=2
    export OBJECT_FILE_DIR\=/Users/danieo/Library/Developer/Xcode/DerivedData/expobaretypescript-eajbhsakgspgpwdisclkdmwwujcv/Build/Intermediates.noindex/expobaretypescript.build/Debug-iphonesimulator/expobaretypescript.build/Objects
    export OBJECT_FILE_DIR_normal\=/Users/danieo/Library/Developer/Xcode/DerivedData/expobaretypescript-eajbhsakgspgpwdisclkdmwwujcv/Build/Intermediates.noindex/expobaretypescript.build/Debug-iphonesimulator/expobaretypescript.build/Objects-normal
    export OBJROOT\=/Users/danieo/Library/Developer/Xcode/DerivedData/expobaretypescript-eajbhsakgspgpwdisclkdmwwujcv/Build/Intermediates.noindex
    export ONLY_ACTIVE_ARCH\=YES
    export OS\=MACOS
    export OSAC\=/usr/bin/osacompile
    export OTHER_CFLAGS\=\ -fmodule-map-file\=\"/Users/danieo/Library/Developer/Xcode/DerivedData/expobaretypescript-eajbhsakgspgpwdisclkdmwwujcv/Build/Products/Debug-iphonesimulator/ExpoKeepAwake/ExpoKeepAwake.modulemap\"\ -fmodule-map-file\=\"/Users/danieo/Library/Developer/Xcode/DerivedData/expobaretypescript-eajbhsakgspgpwdisclkdmwwujcv/Build/Products/Debug-iphonesimulator/ExpoModulesCore/ExpoModulesCore.modulemap\"\ -fmodule-map-file\=\"/Users/danieo/Documents/codes/react-native/rentx/ios/Pods/Headers/Public/React-Core/React/React-Core.modulemap\"\ -fmodule-map-file\=\"/Users/danieo/Documents/codes/react-native/rentx/ios/Pods/Headers/Public/ReactCommon/ReactCommon.modulemap\"\ -fmodule-map-file\=\"/Users/danieo/Documents/codes/react-native/rentx/ios/Pods/Headers/Public/yoga/Yoga.modulemap\"
    export OTHER_CPLUSPLUSFLAGS\=\ -fmodule-map-file\=\"/Users/danieo/Library/Developer/Xcode/DerivedData/expobaretypescript-eajbhsakgspgpwdisclkdmwwujcv/Build/Products/Debug-iphonesimulator/ExpoKeepAwake/ExpoKeepAwake.modulemap\"\ -fmodule-map-file\=\"/Users/danieo/Library/Developer/Xcode/DerivedData/expobaretypescript-eajbhsakgspgpwdisclkdmwwujcv/Build/Products/Debug-iphonesimulator/ExpoModulesCore/ExpoModulesCore.modulemap\"\ -fmodule-map-file\=\"/Users/danieo/Documents/codes/react-native/rentx/ios/Pods/Headers/Public/React-Core/React/React-Core.modulemap\"\ -fmodule-map-file\=\"/Users/danieo/Documents/codes/react-native/rentx/ios/Pods/Headers/Public/ReactCommon/ReactCommon.modulemap\"\ -fmodule-map-file\=\"/Users/danieo/Documents/codes/react-native/rentx/ios/Pods/Headers/Public/yoga/Yoga.modulemap\"
    export OTHER_LDFLAGS\=\ -ObjC\ -l\"DoubleConversion\"\ -l\"EXApplication\"\ -l\"EXConstants\"\ -l\"EXErrorRecovery\"\ -l\"EXFont\"\ -l\"Expo\"\ -l\"ExpoKeepAwake\"\ -l\"ExpoModulesCore\"\ -l\"RCT-Folly\"\ -l\"RCTTypeSafety\"\ -l\"RNSVG\"\ -l\"React-Codegen\"\ -l\"React-Core\"\ -l\"React-CoreModules\"\ -l\"React-RCTAnimation\"\ -l\"React-RCTBlob\"\ -l\"React-RCTImage\"\ -l\"React-RCTLinking\"\ -l\"React-RCTNetwork\"\ -l\"React-RCTSettings\"\ -l\"React-RCTText\"\ -l\"React-RCTVibration\"\ -l\"React-cxxreact\"\ -l\"React-jsi\"\ -l\"React-jsiexecutor\"\ -l\"React-jsinspector\"\ -l\"React-logger\"\ -l\"React-perflogger\"\ -l\"ReactCommon\"\ -l\"Yoga\"\ -l\"c++\"\ -l\"c++abi\"\ -l\"fmt\"\ -l\"glog\"\ -framework\ \"AudioToolbox\"\ -framework\ \"EXFileSystem\"\ -framework\ \"EXSplashScreen\"\ -framework\ \"JavaScriptCore\"\ -framework\ \"MobileCoreServices\"\ -ObjC\ -lc++
    export OTHER_SWIFT_FLAGS\=\ -D\ COCOAPODS\ -Xcc\ -fmodule-map-file\=\"/Users/danieo/Library/Developer/Xcode/DerivedData/expobaretypescript-eajbhsakgspgpwdisclkdmwwujcv/Build/Products/Debug-iphonesimulator/ExpoKeepAwake/ExpoKeepAwake.modulemap\"\ -Xcc\ -fmodule-map-file\=\"/Users/danieo/Library/Developer/Xcode/DerivedData/expobaretypescript-eajbhsakgspgpwdisclkdmwwujcv/Build/Products/Debug-iphonesimulator/ExpoModulesCore/ExpoModulesCore.modulemap\"\ -Xcc\ -fmodule-map-file\=\"/Users/danieo/Documents/codes/react-native/rentx/ios/Pods/Headers/Public/React-Core/React/React-Core.modulemap\"\ -Xcc\ -fmodule-map-file\=\"/Users/danieo/Documents/codes/react-native/rentx/ios/Pods/Headers/Public/ReactCommon/ReactCommon.modulemap\"\ -Xcc\ -fmodule-map-file\=\"/Users/danieo/Documents/codes/react-native/rentx/ios/Pods/Headers/Public/yoga/Yoga.modulemap\"\ -D\ EXPO_CONFIGURATION_DEBUG
    export PACKAGE_TYPE\=com.apple.package-type.wrapper.application
    export PASCAL_STRINGS\=YES
    export PATH\=/Volumes/G4/Xcode.app/Contents/Developer/Toolchains/XcodeDefault.xctoolchain/usr/bin:/Volumes/G4/Xcode.app/Contents/Developer/Toolchains/XcodeDefault.xctoolchain/usr/local/bin:/Volumes/G4/Xcode.app/Contents/Developer/Toolchains/XcodeDefault.xctoolchain/usr/libexec:/Volumes/G4/Xcode.app/Contents/Developer/Platforms/iPhoneSimulator.platform/usr/bin:/Volumes/G4/Xcode.app/Contents/Developer/Platforms/iPhoneSimulator.platform/usr/local/bin:/Volumes/G4/Xcode.app/Contents/Developer/Platforms/iPhoneSimulator.platform/Developer/usr/bin:/Volumes/G4/Xcode.app/Contents/Developer/Platforms/iPhoneSimulator.platform/Developer/usr/local/bin:/Volumes/G4/Xcode.app/Contents/Developer/usr/bin:/Volumes/G4/Xcode.app/Contents/Developer/usr/local/bin:/var/folders/kz/p0132zl94cv87ly3dx9syps00000gq/T/yarn--1657907628591-0.4707314543924057:/Users/danieo/Documents/codes/react-native/rentx/node_modules/.bin:/Users/danieo/.config/yarn/link/node_modules/.bin:/opt/homebrew/Cellar/node/18.4.0/libexec/lib/node_modules/npm/bin/node-gyp-bin:/opt/homebrew/Cellar/node/18.4.0/lib/node_modules/npm/bin/node-gyp-bin:/opt/homebrew/Cellar/node/18.4.0/bin/node_modules/npm/bin/node-gyp-bin:/Users/danieo/.yarn/bin:/Users/danieo/.config/yarn/global/node_modules/.bin:/Users/danieo/Library/Android/sdk/tools:/Users/danieo/Library/Android/sdk/platform-tools:/opt/homebrew/bin:/opt/homebrew/sbin:/usr/local/bin:/usr/bin:/bin:/usr/sbin:/sbin:/Applications/VMware\ Fusion.app/Contents/Public:/Library/Apple/usr/bin:/Users/danieo/.local/share/zinit/polaris/bin:/Users/danieo/opt/homebrew/bin:/Users/danieo/Documents/flutter/bin:/Applications/Visual\ Studio\ Code.app/Contents/Resources/app/bin
    export PATH_PREFIXES_EXCLUDED_FROM_HEADER_DEPENDENCIES\=/usr/include\ /usr/local/include\ /System/Library/Frameworks\ /System/Library/PrivateFrameworks\ /Volumes/G4/Xcode.app/Contents/Developer/Headers\ /Volumes/G4/Xcode.app/Contents/Developer/SDKs\ /Volumes/G4/Xcode.app/Contents/Developer/Platforms
    export PBDEVELOPMENTPLIST_PATH\=expobaretypescript.app/pbdevelopment.plist
    export PER_ARCH_OBJECT_FILE_DIR\=/Users/danieo/Library/Developer/Xcode/DerivedData/expobaretypescript-eajbhsakgspgpwdisclkdmwwujcv/Build/Intermediates.noindex/expobaretypescript.build/Debug-iphonesimulator/expobaretypescript.build/Objects-normal/undefined_arch
    export PER_VARIANT_OBJECT_FILE_DIR\=/Users/danieo/Library/Developer/Xcode/DerivedData/expobaretypescript-eajbhsakgspgpwdisclkdmwwujcv/Build/Intermediates.noindex/expobaretypescript.build/Debug-iphonesimulator/expobaretypescript.build/Objects-normal
    export PKGINFO_FILE_PATH\=/Users/danieo/Library/Developer/Xcode/DerivedData/expobaretypescript-eajbhsakgspgpwdisclkdmwwujcv/Build/Intermediates.noindex/expobaretypescript.build/Debug-iphonesimulator/expobaretypescript.build/PkgInfo
    export PKGINFO_PATH\=expobaretypescript.app/PkgInfo
    export PLATFORM_DEVELOPER_APPLICATIONS_DIR\=/Volumes/G4/Xcode.app/Contents/Developer/Platforms/iPhoneSimulator.platform/Developer/Applications
    export PLATFORM_DEVELOPER_BIN_DIR\=/Volumes/G4/Xcode.app/Contents/Developer/Platforms/iPhoneSimulator.platform/Developer/usr/bin
    export PLATFORM_DEVELOPER_LIBRARY_DIR\=/Volumes/G4/Xcode.app/Contents/Developer/Platforms/iPhoneSimulator.platform/Developer/Library
    export PLATFORM_DEVELOPER_SDK_DIR\=/Volumes/G4/Xcode.app/Contents/Developer/Platforms/iPhoneSimulator.platform/Developer/SDKs
    export PLATFORM_DEVELOPER_TOOLS_DIR\=/Volumes/G4/Xcode.app/Contents/Developer/Platforms/iPhoneSimulator.platform/Developer/Tools
    export PLATFORM_DEVELOPER_USR_DIR\=/Volumes/G4/Xcode.app/Contents/Developer/Platforms/iPhoneSimulator.platform/Developer/usr
    export PLATFORM_DIR\=/Volumes/G4/Xcode.app/Contents/Developer/Platforms/iPhoneSimulator.platform
    export PLATFORM_DISPLAY_NAME\=iOS\ Simulator
    export PLATFORM_FAMILY_NAME\=iOS
    export PLATFORM_NAME\=iphonesimulator
    export PLATFORM_PREFERRED_ARCH\=x86_64
    export PLATFORM_PRODUCT_BUILD_VERSION\=19E239
    export PLIST_FILE_OUTPUT_FORMAT\=binary
    export PLUGINS_FOLDER_PATH\=expobaretypescript.app/PlugIns
    export PODS_BUILD_DIR\=/Users/danieo/Library/Developer/Xcode/DerivedData/expobaretypescript-eajbhsakgspgpwdisclkdmwwujcv/Build/Products
    export PODS_CONFIGURATION_BUILD_DIR\=/Users/danieo/Library/Developer/Xcode/DerivedData/expobaretypescript-eajbhsakgspgpwdisclkdmwwujcv/Build/Products/Debug-iphonesimulator
    export PODS_PODFILE_DIR_PATH\=/Users/danieo/Documents/codes/react-native/rentx/ios/.
    export PODS_ROOT\=/Users/danieo/Documents/codes/react-native/rentx/ios/Pods
    export PODS_XCFRAMEWORKS_BUILD_DIR\=/Users/danieo/Library/Developer/Xcode/DerivedData/expobaretypescript-eajbhsakgspgpwdisclkdmwwujcv/Build/Products/Debug-iphonesimulator/XCFrameworkIntermediates
    export PRECOMPS_INCLUDE_HEADERS_FROM_BUILT_PRODUCTS_DIR\=YES
    export PRECOMP_DESTINATION_DIR\=/Users/danieo/Library/Developer/Xcode/DerivedData/expobaretypescript-eajbhsakgspgpwdisclkdmwwujcv/Build/Intermediates.noindex/expobaretypescript.build/Debug-iphonesimulator/expobaretypescript.build/PrefixHeaders
    export PRESERVE_DEAD_CODE_INITS_AND_TERMS\=NO
    export PRIVATE_HEADERS_FOLDER_PATH\=expobaretypescript.app/PrivateHeaders
    export PRODUCT_BUNDLE_IDENTIFIER\=org.name.expobaretypescript
    export PRODUCT_BUNDLE_PACKAGE_TYPE\=APPL
    export PRODUCT_MODULE_NAME\=expobaretypescript
    export PRODUCT_NAME\=expobaretypescript
    export PRODUCT_SETTINGS_PATH\=/Users/danieo/Documents/codes/react-native/rentx/ios/expobaretypescript/Info.plist
    export PRODUCT_TYPE\=com.apple.product-type.application
    export PROFILING_CODE\=NO
    export PROJECT\=expobaretypescript
    export PROJECT_DERIVED_FILE_DIR\=/Users/danieo/Library/Developer/Xcode/DerivedData/expobaretypescript-eajbhsakgspgpwdisclkdmwwujcv/Build/Intermediates.noindex/expobaretypescript.build/DerivedSources
    export PROJECT_DIR\=/Users/danieo/Documents/codes/react-native/rentx/ios
    export PROJECT_FILE_PATH\=/Users/danieo/Documents/codes/react-native/rentx/ios/expobaretypescript.xcodeproj
    export PROJECT_NAME\=expobaretypescript
    export PROJECT_TEMP_DIR\=/Users/danieo/Library/Developer/Xcode/DerivedData/expobaretypescript-eajbhsakgspgpwdisclkdmwwujcv/Build/Intermediates.noindex/expobaretypescript.build
    export PROJECT_TEMP_ROOT\=/Users/danieo/Library/Developer/Xcode/DerivedData/expobaretypescript-eajbhsakgspgpwdisclkdmwwujcv/Build/Intermediates.noindex
    export PUBLIC_HEADERS_FOLDER_PATH\=expobaretypescript.app/Headers
    export RECURSIVE_SEARCH_PATHS_FOLLOW_SYMLINKS\=YES
    export REMOVE_CVS_FROM_RESOURCES\=YES
    export REMOVE_GIT_FROM_RESOURCES\=YES
    export REMOVE_HEADERS_FROM_EMBEDDED_BUNDLES\=YES
    export REMOVE_HG_FROM_RESOURCES\=YES
    export REMOVE_SVN_FROM_RESOURCES\=YES
    export REZ_COLLECTOR_DIR\=/Users/danieo/Library/Developer/Xcode/DerivedData/expobaretypescript-eajbhsakgspgpwdisclkdmwwujcv/Build/Intermediates.noindex/expobaretypescript.build/Debug-iphonesimulator/expobaretypescript.build/ResourceManagerResources
    export REZ_OBJECTS_DIR\=/Users/danieo/Library/Developer/Xcode/DerivedData/expobaretypescript-eajbhsakgspgpwdisclkdmwwujcv/Build/Intermediates.noindex/expobaretypescript.build/Debug-iphonesimulator/expobaretypescript.build/ResourceManagerResources/Objects
    export REZ_SEARCH_PATHS\=/Users/danieo/Library/Developer/Xcode/DerivedData/expobaretypescript-eajbhsakgspgpwdisclkdmwwujcv/Build/Products/Debug-iphonesimulator\ 
    export SCAN_ALL_SOURCE_FILES_FOR_INCLUDES\=NO
    export SCRIPTS_FOLDER_PATH\=expobaretypescript.app/Scripts
    export SCRIPT_INPUT_FILE_COUNT\=0
    export SCRIPT_INPUT_FILE_LIST_COUNT\=0
    export SCRIPT_OUTPUT_FILE_COUNT\=0
    export SCRIPT_OUTPUT_FILE_LIST_COUNT\=0
    export SDKROOT\=/Volumes/G4/Xcode.app/Contents/Developer/Platforms/iPhoneSimulator.platform/Developer/SDKs/iPhoneSimulator15.4.sdk
    export SDK_DIR\=/Volumes/G4/Xcode.app/Contents/Developer/Platforms/iPhoneSimulator.platform/Developer/SDKs/iPhoneSimulator15.4.sdk
    export SDK_DIR_iphonesimulator\=/Volumes/G4/Xcode.app/Contents/Developer/Platforms/iPhoneSimulator.platform/Developer/SDKs/iPhoneSimulator15.4.sdk
    export SDK_DIR_iphonesimulator15_4\=/Volumes/G4/Xcode.app/Contents/Developer/Platforms/iPhoneSimulator.platform/Developer/SDKs/iPhoneSimulator15.4.sdk
    export SDK_NAME\=iphonesimulator15.4
    export SDK_NAMES\=iphonesimulator15.4
    export SDK_PRODUCT_BUILD_VERSION\=19E239
    export SDK_VERSION\=15.4
    export SDK_VERSION_ACTUAL\=150400
    export SDK_VERSION_MAJOR\=150000
    export SDK_VERSION_MINOR\=150400
    export SED\=/usr/bin/sed
    export SEPARATE_STRIP\=NO
    export SEPARATE_SYMBOL_EDIT\=NO
    export SET_DIR_MODE_OWNER_GROUP\=YES
    export SET_FILE_MODE_OWNER_GROUP\=NO
    export SHALLOW_BUNDLE\=YES
    export SHALLOW_BUNDLE_TRIPLE\=ios-simulator
    export SHALLOW_BUNDLE_ios_macabi\=NO
    export SHALLOW_BUNDLE_macos\=NO
    export SHARED_DERIVED_FILE_DIR\=/Users/danieo/Library/Developer/Xcode/DerivedData/expobaretypescript-eajbhsakgspgpwdisclkdmwwujcv/Build/Products/Debug-iphonesimulator/DerivedSources
    export SHARED_FRAMEWORKS_FOLDER_PATH\=expobaretypescript.app/SharedFrameworks
    export SHARED_PRECOMPS_DIR\=/Users/danieo/Library/Developer/Xcode/DerivedData/expobaretypescript-eajbhsakgspgpwdisclkdmwwujcv/Build/Intermediates.noindex/PrecompiledHeaders
    export SHARED_SUPPORT_FOLDER_PATH\=expobaretypescript.app/SharedSupport
    export SKIP_INSTALL\=NO
    export SOURCE_ROOT\=/Users/danieo/Documents/codes/react-native/rentx/ios
    export SRCROOT\=/Users/danieo/Documents/codes/react-native/rentx/ios
    export STRINGSDATA_DIR\=/Users/danieo/Library/Developer/Xcode/DerivedData/expobaretypescript-eajbhsakgspgpwdisclkdmwwujcv/Build/Intermediates.noindex/expobaretypescript.build/Debug-iphonesimulator/expobaretypescript.build/Objects-normal/undefined_arch
    export STRINGSDATA_ROOT\=/Users/danieo/Library/Developer/Xcode/DerivedData/expobaretypescript-eajbhsakgspgpwdisclkdmwwujcv/Build/Intermediates.noindex/expobaretypescript.build/Debug-iphonesimulator/expobaretypescript.build
    export STRINGS_FILE_INFOPLIST_RENAME\=YES
    export STRINGS_FILE_OUTPUT_ENCODING\=binary
    export STRIP_BITCODE_FROM_COPIED_FILES\=NO
    export STRIP_INSTALLED_PRODUCT\=NO
    export STRIP_STYLE\=all
    export STRIP_SWIFT_SYMBOLS\=YES
    export SUPPORTED_DEVICE_FAMILIES\=1,2
    export SUPPORTED_PLATFORMS\=iphoneos\ iphonesimulator
    export SUPPORTS_TEXT_BASED_API\=NO
    export SWIFT_EMIT_LOC_STRINGS\=NO
    export SWIFT_INCLUDE_PATHS\=/Users/danieo/Library/Developer/Xcode/DerivedData/expobaretypescript-eajbhsakgspgpwdisclkdmwwujcv/Build/Products/Debug-iphonesimulator\ \ \"/Users/danieo/Library/Developer/Xcode/DerivedData/expobaretypescript-eajbhsakgspgpwdisclkdmwwujcv/Build/Products/Debug-iphonesimulator/ExpoKeepAwake\"\ \"/Users/danieo/Library/Developer/Xcode/DerivedData/expobaretypescript-eajbhsakgspgpwdisclkdmwwujcv/Build/Products/Debug-iphonesimulator/ExpoModulesCore\"
    export SWIFT_OPTIMIZATION_LEVEL\=-Onone
    export SWIFT_PLATFORM_TARGET_PREFIX\=ios
    export SWIFT_RESPONSE_FILE_PATH_normal_arm64\=/Users/danieo/Library/Developer/Xcode/DerivedData/expobaretypescript-eajbhsakgspgpwdisclkdmwwujcv/Build/Intermediates.noindex/expobaretypescript.build/Debug-iphonesimulator/expobaretypescript.build/Objects-normal/arm64/expobaretypescript.SwiftFileList
    export SWIFT_VERSION\=5.0
    export SYMROOT\=/Users/danieo/Library/Developer/Xcode/DerivedData/expobaretypescript-eajbhsakgspgpwdisclkdmwwujcv/Build/Products
    export SYSTEM_ADMIN_APPS_DIR\=/Applications/Utilities
    export SYSTEM_APPS_DIR\=/Applications
    export SYSTEM_CORE_SERVICES_DIR\=/System/Library/CoreServices
    export SYSTEM_DEMOS_DIR\=/Applications/Extras
    export SYSTEM_DEVELOPER_APPS_DIR\=/Volumes/G4/Xcode.app/Contents/Developer/Applications
    export SYSTEM_DEVELOPER_BIN_DIR\=/Volumes/G4/Xcode.app/Contents/Developer/usr/bin
    export SYSTEM_DEVELOPER_DEMOS_DIR\=/Volumes/G4/Xcode.app/Contents/Developer/Applications/Utilities/Built\ Examples
    export SYSTEM_DEVELOPER_DIR\=/Volumes/G4/Xcode.app/Contents/Developer
    export SYSTEM_DEVELOPER_DOC_DIR\=/Volumes/G4/Xcode.app/Contents/Developer/ADC\ Reference\ Library
    export SYSTEM_DEVELOPER_GRAPHICS_TOOLS_DIR\=/Volumes/G4/Xcode.app/Contents/Developer/Applications/Graphics\ Tools
    export SYSTEM_DEVELOPER_JAVA_TOOLS_DIR\=/Volumes/G4/Xcode.app/Contents/Developer/Applications/Java\ Tools
    export SYSTEM_DEVELOPER_PERFORMANCE_TOOLS_DIR\=/Volumes/G4/Xcode.app/Contents/Developer/Applications/Performance\ Tools
    export SYSTEM_DEVELOPER_RELEASENOTES_DIR\=/Volumes/G4/Xcode.app/Contents/Developer/ADC\ Reference\ Library/releasenotes
    export SYSTEM_DEVELOPER_TOOLS\=/Volumes/G4/Xcode.app/Contents/Developer/Tools
    export SYSTEM_DEVELOPER_TOOLS_DOC_DIR\=/Volumes/G4/Xcode.app/Contents/Developer/ADC\ Reference\ Library/documentation/DeveloperTools
    export SYSTEM_DEVELOPER_TOOLS_RELEASENOTES_DIR\=/Volumes/G4/Xcode.app/Contents/Developer/ADC\ Reference\ Library/releasenotes/DeveloperTools
    export SYSTEM_DEVELOPER_USR_DIR\=/Volumes/G4/Xcode.app/Contents/Developer/usr
    export SYSTEM_DEVELOPER_UTILITIES_DIR\=/Volumes/G4/Xcode.app/Contents/Developer/Applications/Utilities
    export SYSTEM_DEXT_INSTALL_PATH\=/System/Library/DriverExtensions
    export SYSTEM_DOCUMENTATION_DIR\=/Library/Documentation
    export SYSTEM_EXTENSIONS_FOLDER_PATH\=expobaretypescript.app/SystemExtensions
    export SYSTEM_EXTENSIONS_FOLDER_PATH_SHALLOW_BUNDLE_NO\=expobaretypescript.app/Library/SystemExtensions
    export SYSTEM_EXTENSIONS_FOLDER_PATH_SHALLOW_BUNDLE_YES\=expobaretypescript.app/SystemExtensions
    export SYSTEM_KEXT_INSTALL_PATH\=/System/Library/Extensions
    export SYSTEM_LIBRARY_DIR\=/System/Library
    export TAPI_ENABLE_PROJECT_HEADERS\=NO
    export TAPI_VERIFY_MODE\=ErrorsOnly
    export TARGETED_DEVICE_FAMILY\=1
    export TARGETNAME\=expobaretypescript
    export TARGET_BUILD_DIR\=/Users/danieo/Library/Developer/Xcode/DerivedData/expobaretypescript-eajbhsakgspgpwdisclkdmwwujcv/Build/Products/Debug-iphonesimulator
    export TARGET_DEVICE_IDENTIFIER\=BCCCE6E1-A911-4E01-B944-04619EDD5E9E
    export TARGET_DEVICE_MODEL\=iPhone14,5
    export TARGET_DEVICE_OS_VERSION\=15.4
    export TARGET_DEVICE_PLATFORM_NAME\=iphonesimulator
    export TARGET_NAME\=expobaretypescript
    export TARGET_TEMP_DIR\=/Users/danieo/Library/Developer/Xcode/DerivedData/expobaretypescript-eajbhsakgspgpwdisclkdmwwujcv/Build/Intermediates.noindex/expobaretypescript.build/Debug-iphonesimulator/expobaretypescript.build
    export TEMP_DIR\=/Users/danieo/Library/Developer/Xcode/DerivedData/expobaretypescript-eajbhsakgspgpwdisclkdmwwujcv/Build/Intermediates.noindex/expobaretypescript.build/Debug-iphonesimulator/expobaretypescript.build
    export TEMP_FILES_DIR\=/Users/danieo/Library/Developer/Xcode/DerivedData/expobaretypescript-eajbhsakgspgpwdisclkdmwwujcv/Build/Intermediates.noindex/expobaretypescript.build/Debug-iphonesimulator/expobaretypescript.build
    export TEMP_FILE_DIR\=/Users/danieo/Library/Developer/Xcode/DerivedData/expobaretypescript-eajbhsakgspgpwdisclkdmwwujcv/Build/Intermediates.noindex/expobaretypescript.build/Debug-iphonesimulator/expobaretypescript.build
    export TEMP_ROOT\=/Users/danieo/Library/Developer/Xcode/DerivedData/expobaretypescript-eajbhsakgspgpwdisclkdmwwujcv/Build/Intermediates.noindex
    export TEST_FRAMEWORK_SEARCH_PATHS\=\ /Volumes/G4/Xcode.app/Contents/Developer/Platforms/iPhoneSimulator.platform/Developer/Library/Frameworks\ /Volumes/G4/Xcode.app/Contents/Developer/Platforms/iPhoneSimulator.platform/Developer/SDKs/iPhoneSimulator15.4.sdk/Developer/Library/Frameworks
    export TEST_LIBRARY_SEARCH_PATHS\=\ /Volumes/G4/Xcode.app/Contents/Developer/Platforms/iPhoneSimulator.platform/Developer/usr/lib
    export TOOLCHAINS\=com.apple.dt.toolchain.XcodeDefault
    export TOOLCHAIN_DIR\=/Volumes/G4/Xcode.app/Contents/Developer/Toolchains/XcodeDefault.xctoolchain
    export TREAT_MISSING_BASELINES_AS_TEST_FAILURES\=NO
    export TeamIdentifierPrefix\=892VLTZ73P.
    export UID\=503
    export UNLOCALIZED_RESOURCES_FOLDER_PATH\=expobaretypescript.app
    export UNLOCALIZED_RESOURCES_FOLDER_PATH_SHALLOW_BUNDLE_NO\=expobaretypescript.app/Resources
    export UNLOCALIZED_RESOURCES_FOLDER_PATH_SHALLOW_BUNDLE_YES\=expobaretypescript.app
    export UNSTRIPPED_PRODUCT\=NO
    export USER\=danieo
    export USER_APPS_DIR\=/Users/danieo/Applications
    export USER_LIBRARY_DIR\=/Users/danieo/Library
    export USE_DYNAMIC_NO_PIC\=YES
    export USE_HEADERMAP\=YES
    export USE_HEADER_SYMLINKS\=NO
    export USE_LLVM_TARGET_TRIPLES\=YES
    export USE_LLVM_TARGET_TRIPLES_FOR_CLANG\=YES
    export USE_LLVM_TARGET_TRIPLES_FOR_LD\=YES
    export USE_LLVM_TARGET_TRIPLES_FOR_TAPI\=YES
    export USE_RECURSIVE_SCRIPT_INPUTS_IN_SCRIPT_PHASES\=YES
    export VALIDATE_DEVELOPMENT_ASSET_PATHS\=YES_ERROR
    export VALIDATE_PRODUCT\=NO
    export VALIDATE_WORKSPACE\=YES_ERROR
    export VALID_ARCHS\=arm64\ arm64e\ i386\ x86_64
    export VERBOSE_PBXCP\=NO
    export VERSIONING_SYSTEM\=apple-generic
    export VERSIONPLIST_PATH\=expobaretypescript.app/version.plist
    export VERSION_INFO_BUILDER\=danieo
    export VERSION_INFO_FILE\=expobaretypescript_vers.c
    export VERSION_INFO_STRING\=\"@\(\#\)PROGRAM:expobaretypescript\ \ PROJECT:expobaretypescript-1\"
    export WRAPPER_EXTENSION\=app
    export WRAPPER_NAME\=expobaretypescript.app
    export WRAPPER_SUFFIX\=.app
    export WRAP_ASSET_PACKS_IN_SEPARATE_DIRECTORIES\=NO
    export XCODE_APP_SUPPORT_DIR\=/Volumes/G4/Xcode.app/Contents/Developer/Library/Xcode
    export XCODE_PRODUCT_BUILD_VERSION\=13E113
    export XCODE_VERSION_ACTUAL\=1330
    export XCODE_VERSION_MAJOR\=1300
    export XCODE_VERSION_MINOR\=1330
    export XPCSERVICES_FOLDER_PATH\=expobaretypescript.app/XPCServices
    export YACC\=yacc
    export _WRAPPER_CONTENTS_DIR_SHALLOW_BUNDLE_NO\=/Contents
    export _WRAPPER_PARENT_PATH_SHALLOW_BUNDLE_NO\=/..
    export _WRAPPER_RESOURCES_DIR_SHALLOW_BUNDLE_NO\=/Resources
    export __CODE_SIGNING_ALLOWED_appletvos\=NO
    export __CODE_SIGNING_ALLOWED_iphoneos\=NO
    export __CODE_SIGNING_ALLOWED_watchos\=NO
    export arch\=undefined_arch
    export variant\=normal
    /bin/sh -c /Users/danieo/Library/Developer/Xcode/DerivedData/expobaretypescript-eajbhsakgspgpwdisclkdmwwujcv/Build/Intermediates.noindex/expobaretypescript.build/Debug-iphonesimulator/expobaretypescript.build/Script-00DD1BFF1BD5951E006B06BC.sh
+ DEST=/Users/danieo/Library/Developer/Xcode/DerivedData/expobaretypescript-eajbhsakgspgpwdisclkdmwwujcv/Build/Products/Debug-iphonesimulator/expobaretypescript.app
+ [[ Debug = *Debug* ]]
+ [[ ! iphonesimulator == *simulator ]]
+ [[ -n '' ]]
+ case "$CONFIGURATION" in
+ [[ iphonesimulator == *simulator ]]
+ [[ -n '' ]]
+ echo 'Skipping bundling in Debug for the Simulator (since the packager bundles for you). Use the FORCE_BUNDLING flag to change this behavior.'
Skipping bundling in Debug for the Simulator (since the packager bundles for you). Use the FORCE_BUNDLING flag to change this behavior.
+ exit 0

PhaseScriptExecution [CP]\ Copy\ Pods\ Resources /Users/danieo/Library/Developer/Xcode/DerivedData/expobaretypescript-eajbhsakgspgpwdisclkdmwwujcv/Build/Intermediates.noindex/expobaretypescript.build/Debug-iphonesimulator/expobaretypescript.build/Script-800E24972A6A228C8D4807E9.sh (in target 'expobaretypescript' from project 'expobaretypescript')
    cd /Users/danieo/Documents/codes/react-native/rentx/ios
    /bin/sh -c /Users/danieo/Library/Developer/Xcode/DerivedData/expobaretypescript-eajbhsakgspgpwdisclkdmwwujcv/Build/Intermediates.noindex/expobaretypescript.build/Debug-iphonesimulator/expobaretypescript.build/Script-800E24972A6A228C8D4807E9.sh
/Users/danieo/Library/Developer/Xcode/DerivedData/expobaretypescript-eajbhsakgspgpwdisclkdmwwujcv/Build/Products/Debug-iphonesimulator/EXConstants/EXConstants.bundle
/Users/danieo/Library/Developer/Xcode/DerivedData/expobaretypescript-eajbhsakgspgpwdisclkdmwwujcv/Build/Products/Debug-iphonesimulator/React-Core/AccessibilityResources.bundle
building file list ... done
EXConstants.bundle/app.config

sent 791 bytes  received 42 bytes  1666.00 bytes/sec
total size is 7174  speedup is 8.61
objc[2144]: Class AppleTypeCRetimerRestoreInfoHelper is implemented in both /usr/lib/libauthinstall.dylib (0x1fb8b3458) and /Library/Apple/System/Library/PrivateFrameworks/MobileDevice.framework/Versions/A/MobileDevice (0x103e684f8). One of the two will be used. Which one is undefined.
objc[2144]: Class AppleTypeCRetimerFirmwareAggregateRequestCreator is implemented in both /usr/lib/libauthinstall.dylib (0x1fb8b34a8) and /Library/Apple/System/Library/PrivateFrameworks/MobileDevice.framework/Versions/A/MobileDevice (0x103e68548). One of the two will be used. Which one is undefined.
objc[2144]: Class AppleTypeCRetimerFirmwareRequestCreator is implemented in both /usr/lib/libauthinstall.dylib (0x1fb8b34f8) and /Library/Apple/System/Library/PrivateFrameworks/MobileDevice.framework/Versions/A/MobileDevice (0x103e68598). One of the two will be used. Which one is undefined.
objc[2144]: Class ATCRTRestoreInfoFTABFile is implemented in both /usr/lib/libauthinstall.dylib (0x1fb8b3548) and /Library/Apple/System/Library/PrivateFrameworks/MobileDevice.framework/Versions/A/MobileDevice (0x103e685e8). One of the two will be used. Which one is undefined.
objc[2144]: Class AppleTypeCRetimerFirmwareCopier is implemented in both /usr/lib/libauthinstall.dylib (0x1fb8b3598) and /Library/Apple/System/Library/PrivateFrameworks/MobileDevice.framework/Versions/A/MobileDevice (0x103e68638). One of the two will be used. Which one is undefined.
objc[2144]: Class ATCRTRestoreInfoFTABSubfile is implemented in both /usr/lib/libauthinstall.dylib (0x1fb8b35e8) and /Library/Apple/System/Library/PrivateFrameworks/MobileDevice.framework/Versions/A/MobileDevice (0x103e68688). One of the two will be used. Which one is undefined.
2022-07-20 10:33:56.119 xcodebuild[2144:62684] Requested but did not find extension point with identifier Xcode.IDEKit.ExtensionSentinelHostApplications for extension Xcode.DebuggerFoundation.AppExtensionHosts.watchOS of plug-in com.apple.dt.IDEWatchSupportCore
2022-07-20 10:33:56.120 xcodebuild[2144:62684] Requested but did not find extension point with identifier Xcode.IDEKit.ExtensionPointIdentifierToBundleIdentifier for extension Xcode.DebuggerFoundation.AppExtensionToBundleIdentifierMap.watchOS of plug-in com.apple.dt.IDEWatchSupportCore

CodeSign /Users/danieo/Library/Developer/Xcode/DerivedData/expobaretypescript-eajbhsakgspgpwdisclkdmwwujcv/Build/Products/Debug-iphonesimulator/expobaretypescript.app (in target 'expobaretypescript' from project 'expobaretypescript')
    cd /Users/danieo/Documents/codes/react-native/rentx/ios
    export CODESIGN_ALLOCATE\=/Volumes/G4/Xcode.app/Contents/Developer/Toolchains/XcodeDefault.xctoolchain/usr/bin/codesign_allocate
    
    Signing Identity:     "-"
    
    /usr/bin/codesign --force --sign - --entitlements /Users/danieo/Library/Developer/Xcode/DerivedData/expobaretypescript-eajbhsakgspgpwdisclkdmwwujcv/Build/Intermediates.noindex/expobaretypescript.build/Debug-iphonesimulator/expobaretypescript.build/expobaretypescript.app.xcent --timestamp\=none --generate-entitlement-der /Users/danieo/Library/Developer/Xcode/DerivedData/expobaretypescript-eajbhsakgspgpwdisclkdmwwujcv/Build/Products/Debug-iphonesimulator/expobaretypescript.app
/Users/danieo/Library/Developer/Xcode/DerivedData/expobaretypescript-eajbhsakgspgpwdisclkdmwwujcv/Build/Products/Debug-iphonesimulator/expobaretypescript.app: replacing existing signature

** BUILD SUCCEEDED **

