objc[4612]: Class AppleTypeCRetimerRestoreInfoHelper is implemented in both /usr/lib/libauthinstall.dylib (0x21477b458) and /Library/Apple/System/Library/PrivateFrameworks/MobileDevice.framework/Versions/A/MobileDevice (0x1084504f8). One of the two will be used. Which one is undefined.
objc[4612]: Class AppleTypeCRetimerFirmwareAggregateRequestCreator is implemented in both /usr/lib/libauthinstall.dylib (0x21477b4a8) and /Library/Apple/System/Library/PrivateFrameworks/MobileDevice.framework/Versions/A/MobileDevice (0x108450548). One of the two will be used. Which one is undefined.
objc[4612]: Class AppleTypeCRetimerFirmwareRequestCreator is implemented in both /usr/lib/libauthinstall.dylib (0x21477b4f8) and /Library/Apple/System/Library/PrivateFrameworks/MobileDevice.framework/Versions/A/MobileDevice (0x108450598). One of the two will be used. Which one is undefined.
objc[4612]: Class ATCRTRestoreInfoFTABFile is implemented in both /usr/lib/libauthinstall.dylib (0x21477b548) and /Library/Apple/System/Library/PrivateFrameworks/MobileDevice.framework/Versions/A/MobileDevice (0x1084505e8). One of the two will be used. Which one is undefined.
objc[4612]: Class AppleTypeCRetimerFirmwareCopier is implemented in both /usr/lib/libauthinstall.dylib (0x21477b598) and /Library/Apple/System/Library/PrivateFrameworks/MobileDevice.framework/Versions/A/MobileDevice (0x108450638). One of the two will be used. Which one is undefined.
objc[4612]: Class ATCRTRestoreInfoFTABSubfile is implemented in both /usr/lib/libauthinstall.dylib (0x21477b5e8) and /Library/Apple/System/Library/PrivateFrameworks/MobileDevice.framework/Versions/A/MobileDevice (0x108450688). One of the two will be used. Which one is undefined.
2022-07-13 00:45:38.496 xcodebuild[4612:106291] Requested but did not find extension point with identifier Xcode.IDEKit.ExtensionSentinelHostApplications for extension Xcode.DebuggerFoundation.AppExtensionHosts.watchOS of plug-in com.apple.dt.IDEWatchSupportCore
2022-07-13 00:45:38.497 xcodebuild[4612:106291] Requested but did not find extension point with identifier Xcode.IDEKit.ExtensionPointIdentifierToBundleIdentifier for extension Xcode.DebuggerFoundation.AppExtensionToBundleIdentifierMap.watchOS of plug-in com.apple.dt.IDEWatchSupportCore
2022-07-13 00:46:03.959 xcodebuild[4612:106407]  DTDeviceKit: Failed to mount DDI from '<DVTFilePath:0x1334a5b10:'/Volumes/G4/Xcode.app/Contents/Developer/Platforms/iPhoneOS.platform/DeviceSupport/15.4/DeveloperDiskImage.dmg'>', error=-402652958: Error Domain=com.apple.dtdevicekit Code=806 "Failed to prepare device for development." UserInfo={AssociatedMobileDeviceFunction=AMDeviceMountImage, NSUnderlyingError=0x1334c71c0 {Error Domain=com.apple.dt.MobileDeviceErrorDomain Code=-402652958 "The device is locked." UserInfo={MobileDeviceErrorCode=(0xE80000E2), com.apple.dtdevicekit.stacktrace=(
	0   DTDeviceKitBase                     0x000000010d4a5614 DTDKCreateNSErrorFromAMDErrorCode + 272
	1   DTDeviceKitBase                     0x000000010d4dcbf0 -[DTDKMobileDeviceToken _mountDeveloperDiskImage:withError:] + 768
	2   DTDeviceKitBase                     0x000000010d4dd6c4 __58-[DTDKMobileDeviceToken mountDeveloperDiskImageWithError:]_block_invoke + 572
	3   libdispatch.dylib                   0x00000001bb3781b4 _dispatch_client_callout + 20
	4   libdispatch.dylib                   0x00000001bb387414 _dispatch_lane_barrier_sync_invoke_and_complete + 56
	5   DTDeviceKitBase                     0x000000010d4dd42c -[DTDKMobileDeviceToken mountDeveloperDiskImageWithError:] + 168
	6   IDEiOSSupportCore                   0x000000010dbf4e7c __37-[DVTiOSDevice(Connect) hasConnected]_block_invoke_2 + 148
	7   DVTFoundation                       0x00000001063391ac __DVT_CALLING_CLIENT_BLOCK__ + 16
	8   DVTFoundation                       0x000000010633b5a8 __DVTDispatchGroupAsync_block_invoke + 364
	9   libdispatch.dylib                   0x00000001bb3765f0 _dispatch_call_block_and_release + 32
	10  libdispatch.dylib                   0x00000001bb3781b4 _dispatch_client_callout + 20
	11  libdispatch.dylib                   0x00000001bb37b708 _dispatch_continuation_pop + 652
	12  libdispatch.dylib                   0x00000001bb37acdc _dispatch_async_redirect_invoke + 584
	13  libdispatch.dylib                   0x00000001bb3898e8 _dispatch_root_queue_drain + 396
	14  libdispatch.dylib                   0x00000001bb38a104 _dispatch_worker_thread2 + 164
	15  libsystem_pthread.dylib             0x00000001bb538324 _pthread_wqthread + 228
	16  libsystem_pthread.dylib             0x00000001bb537080 start_wqthread + 8
), DVTRadarComponentKey=261622, NSLocalizedDescription=The device is locked.}}, NSLocalizedRecoverySuggestion=Please unlock and reconnect the device., NSLocalizedFailure=The device is locked., DVTRadarComponentKey=487927, NSLocalizedDescription=Failed to prepare device for development.}
2022-07-13 00:46:03.970 xcodebuild[4612:106407]  iPhoneConnect: 📱<DVTiOSDevice (0x133207390), iPhone de Daniel , iPhone, 15.5 (19F77), 7218888641ab33fa0336af10bb12467e7174d38b> unable to mount developer disk image, (Error Domain=com.apple.dtdevicekit Code=806 "Failed to prepare device for development." UserInfo={AssociatedMobileDeviceFunction=AMDeviceMountImage, NSUnderlyingError=0x1334c71c0 {Error Domain=com.apple.dt.MobileDeviceErrorDomain Code=-402652958 "The device is locked." UserInfo={MobileDeviceErrorCode=(0xE80000E2), com.apple.dtdevicekit.stacktrace=(
	0   DTDeviceKitBase                     0x000000010d4a5614 DTDKCreateNSErrorFromAMDErrorCode + 272
	1   DTDeviceKitBase                     0x000000010d4dcbf0 -[DTDKMobileDeviceToken _mountDeveloperDiskImage:withError:] + 768
	2   DTDeviceKitBase                     0x000000010d4dd6c4 __58-[DTDKMobileDeviceToken mountDeveloperDiskImageWithError:]_block_invoke + 572
	3   libdispatch.dylib                   0x00000001bb3781b4 _dispatch_client_callout + 20
	4   libdispatch.dylib                   0x00000001bb387414 _dispatch_lane_barrier_sync_invoke_and_complete + 56
	5   DTDeviceKitBase                     0x000000010d4dd42c -[DTDKMobileDeviceToken mountDeveloperDiskImageWithError:] + 168
	6   IDEiOSSupportCore                   0x000000010dbf4e7c __37-[DVTiOSDevice(Connect) hasConnected]_block_invoke_2 + 148
	7   DVTFoundation                       0x00000001063391ac __DVT_CALLING_CLIENT_BLOCK__ + 16
	8   DVTFoundation                       0x000000010633b5a8 __DVTDispatchGroupAsync_block_invoke + 364
	9   libdispatch.dylib                   0x00000001bb3765f0 _dispatch_call_block_and_release + 32
	10  libdispatch.dylib                   0x00000001bb3781b4 _dispatch_client_callout + 20
	11  libdispatch.dylib                   0x00000001bb37b708 _dispatch_continuation_pop + 652
	12  libdispatch.dylib                   0x00000001bb37acdc _dispatch_async_redirect_invoke + 584
	13  libdispatch.dylib                   0x00000001bb3898e8 _dispatch_root_queue_drain + 396
	14  libdispatch.dylib                   0x00000001bb38a104 _dispatch_worker_thread2 + 164
	15  libsystem_pthread.dylib             0x00000001bb538324 _pthread_wqthread + 228
	16  libsystem_pthread.dylib             0x00000001bb537080 start_wqthread + 8
), DVTRadarComponentKey=261622, NSLocalizedDescription=The device is locked.}}, NSLocalizedRecoverySuggestion=Please unlock and reconnect the device., NSLocalizedFailure=The device is locked., DVTRadarComponentKey=487927, NSLocalizedDescription=Failed to prepare device for development.}) {
    AssociatedMobileDeviceFunction = AMDeviceMountImage;
    DVTRadarComponentKey = 487927;
    NSLocalizedDescription = "Failed to prepare device for development.";
    NSLocalizedFailure = "The device is locked.";
    NSLocalizedRecoverySuggestion = "Please unlock and reconnect the device.";
    NSUnderlyingError = "Error Domain=com.apple.dt.MobileDeviceErrorDomain Code=-402652958 \"The device is locked.\" UserInfo={MobileDeviceErrorCode=(0xE80000E2), com.apple.dtdevicekit.stacktrace=(\n\t0   DTDeviceKitBase                     0x000000010d4a5614 DTDKCreateNSErrorFromAMDErrorCode + 272\n\t1   DTDeviceKitBase                     0x000000010d4dcbf0 -[DTDKMobileDeviceToken _mountDeveloperDiskImage:withError:] + 768\n\t2   DTDeviceKitBase                     0x000000010d4dd6c4 __58-[DTDKMobileDeviceToken mountDeveloperDiskImageWithError:]_block_invoke + 572\n\t3   libdispatch.dylib                   0x00000001bb3781b4 _dispatch_client_callout + 20\n\t4   libdispatch.dylib                   0x00000001bb387414 _dispatch_lane_barrier_sync_invoke_and_complete + 56\n\t5   DTDeviceKitBase                     0x000000010d4dd42c -[DTDKMobileDeviceToken mountDeveloperDiskImageWithError:] + 168\n\t6   IDEiOSSupportCore                   0x000000010dbf4e7c __37-[DVTiOSDevice(Connect) hasConnected]_block_invoke_2 + 148\n\t7   DVTFoundation                       0x00000001063391ac __DVT_CALLING_CLIENT_BLOCK__ + 16\n\t8   DVTFoundation                       0x000000010633b5a8 __DVTDispatchGroupAsync_block_invoke + 364\n\t9   libdispatch.dylib                   0x00000001bb3765f0 _dispatch_call_block_and_release + 32\n\t10  libdispatch.dylib                   0x00000001bb3781b4 _dispatch_client_callout + 20\n\t11  libdispatch.dylib                   0x00000001bb37b708 _dispatch_continuation_pop + 652\n\t12  libdispatch.dylib                   0x00000001bb37acdc _dispatch_async_redirect_invoke + 584\n\t13  libdispatch.dylib                   0x00000001bb3898e8 _dispatch_root_queue_drain + 396\n\t14  libdispatch.dylib                   0x00000001bb38a104 _dispatch_worker_thread2 + 164\n\t15  libsystem_pthread.dylib             0x00000001bb538324 _pthread_wqthread + 228\n\t16  libsystem_pthread.dylib             0x00000001bb537080 start_wqthread + 8\n), DVTRadarComponentKey=261622, NSLocalizedDescription=The device is locked.}";
}
2022-07-13 00:46:03.973 xcodebuild[4612:106291] [MT] iPhoneConnect: 📱<DVTiOSDevice (0x133207390), iPhone de Daniel , iPhone, 15.5 (19F77), 7218888641ab33fa0336af10bb12467e7174d38b> -- An error occurred whilst preparing device for development -- Failed to prepare device for development.
Domain: com.apple.dtdevicekit
Code: 806
Recovery Suggestion: Please unlock and reconnect the device.
User Info: {
    AssociatedMobileDeviceFunction = AMDeviceMountImage;
    DVTRadarComponentKey = 487927;
    NSLocalizedFailure = "The device is locked.";
}
--
The device is locked.
Domain: com.apple.dt.MobileDeviceErrorDomain
Code: -402652958
User Info: {
    DVTRadarComponentKey = 261622;
    MobileDeviceErrorCode = "(0xE80000E2)";
    "com.apple.dtdevicekit.stacktrace" = (
	0   DTDeviceKitBase                     0x000000010d4a5614 DTDKCreateNSErrorFromAMDErrorCode + 272
	1   DTDeviceKitBase                     0x000000010d4dcbf0 -[DTDKMobileDeviceToken _mountDeveloperDiskImage:withError:] + 768
	2   DTDeviceKitBase                     0x000000010d4dd6c4 __58-[DTDKMobileDeviceToken mountDeveloperDiskImageWithError:]_block_invoke + 572
	3   libdispatch.dylib                   0x00000001bb3781b4 _dispatch_client_callout + 20
	4   libdispatch.dylib                   0x00000001bb387414 _dispatch_lane_barrier_sync_invoke_and_complete + 56
	5   DTDeviceKitBase                     0x000000010d4dd42c -[DTDKMobileDeviceToken mountDeveloperDiskImageWithError:] + 168
	6   IDEiOSSupportCore                   0x000000010dbf4e7c __37-[DVTiOSDevice(Connect) hasConnected]_block_invoke_2 + 148
	7   DVTFoundation                       0x00000001063391ac __DVT_CALLING_CLIENT_BLOCK__ + 16
	8   DVTFoundation                       0x000000010633b5a8 __DVTDispatchGroupAsync_block_invoke + 364
	9   libdispatch.dylib                   0x00000001bb3765f0 _dispatch_call_block_and_release + 32
	10  libdispatch.dylib                   0x00000001bb3781b4 _dispatch_client_callout + 20
	11  libdispatch.dylib                   0x00000001bb37b708 _dispatch_continuation_pop + 652
	12  libdispatch.dylib                   0x00000001bb37acdc _dispatch_async_redirect_invoke + 584
	13  libdispatch.dylib                   0x00000001bb3898e8 _dispatch_root_queue_drain + 396
	14  libdispatch.dylib                   0x00000001bb38a104 _dispatch_worker_thread2 + 164
	15  libsystem_pthread.dylib             0x00000001bb538324 _pthread_wqthread + 228
	16  libsystem_pthread.dylib             0x00000001bb537080 start_wqthread + 8
);
}
--
2022-07-13 00:46:03.973 xcodebuild[4612:106291] [MT] iPhoneConnect: 📱<DVTiOSDevice (0x133207390), iPhone de Daniel , iPhone, 15.5 (19F77), 7218888641ab33fa0336af10bb12467e7174d38b> == Underlying device preparation errors ==
2022-07-13 00:46:03.973 xcodebuild[4612:106291] [MT] iPhoneConnect: Failed to prepare device for development.
Domain: com.apple.dtdevicekit
Code: 806
Recovery Suggestion: Please unlock and reconnect the device.
User Info: {
    AssociatedMobileDeviceFunction = AMDeviceMountImage;
    DVTRadarComponentKey = 487927;
    NSLocalizedFailure = "The device is locked.";
}
--
The device is locked.
Domain: com.apple.dt.MobileDeviceErrorDomain
Code: -402652958
User Info: {
    DVTRadarComponentKey = 261622;
    MobileDeviceErrorCode = "(0xE80000E2)";
    "com.apple.dtdevicekit.stacktrace" = (
	0   DTDeviceKitBase                     0x000000010d4a5614 DTDKCreateNSErrorFromAMDErrorCode + 272
	1   DTDeviceKitBase                     0x000000010d4dcbf0 -[DTDKMobileDeviceToken _mountDeveloperDiskImage:withError:] + 768
	2   DTDeviceKitBase                     0x000000010d4dd6c4 __58-[DTDKMobileDeviceToken mountDeveloperDiskImageWithError:]_block_invoke + 572
	3   libdispatch.dylib                   0x00000001bb3781b4 _dispatch_client_callout + 20
	4   libdispatch.dylib                   0x00000001bb387414 _dispatch_lane_barrier_sync_invoke_and_complete + 56
	5   DTDeviceKitBase                     0x000000010d4dd42c -[DTDKMobileDeviceToken mountDeveloperDiskImageWithError:] + 168
	6   IDEiOSSupportCore                   0x000000010dbf4e7c __37-[DVTiOSDevice(Connect) hasConnected]_block_invoke_2 + 148
	7   DVTFoundation                       0x00000001063391ac __DVT_CALLING_CLIENT_BLOCK__ + 16
	8   DVTFoundation                       0x000000010633b5a8 __DVTDispatchGroupAsync_block_invoke + 364
	9   libdispatch.dylib                   0x00000001bb3765f0 _dispatch_call_block_and_release + 32
	10  libdispatch.dylib                   0x00000001bb3781b4 _dispatch_client_callout + 20
	11  libdispatch.dylib                   0x00000001bb37b708 _dispatch_continuation_pop + 652
	12  libdispatch.dylib                   0x00000001bb37acdc _dispatch_async_redirect_invoke + 584
	13  libdispatch.dylib                   0x00000001bb3898e8 _dispatch_root_queue_drain + 396
	14  libdispatch.dylib                   0x00000001bb38a104 _dispatch_worker_thread2 + 164
	15  libsystem_pthread.dylib             0x00000001bb538324 _pthread_wqthread + 228
	16  libsystem_pthread.dylib             0x00000001bb537080 start_wqthread + 8
);
}
--
2022-07-13 00:46:03.973 xcodebuild[4612:106291] [MT] iPhoneConnect: 📱<DVTiOSDevice (0x133207390), iPhone de Daniel , iPhone, 15.5 (19F77), 7218888641ab33fa0336af10bb12467e7174d38b> == END: Underlying device preparation errors ==
2022-07-13 00:46:04.200 xcodebuild[4612:106407]  DTDeviceKit: Failed to mount DDI from '<DVTFilePath:0x1334a5b10:'/Volumes/G4/Xcode.app/Contents/Developer/Platforms/iPhoneOS.platform/DeviceSupport/15.4/DeveloperDiskImage.dmg'>', error=-402652958: Error Domain=com.apple.dtdevicekit Code=806 "Failed to prepare device for development." UserInfo={AssociatedMobileDeviceFunction=AMDeviceMountImage, NSUnderlyingError=0x13021d7d0 {Error Domain=com.apple.dt.MobileDeviceErrorDomain Code=-402652958 "The device is locked." UserInfo={MobileDeviceErrorCode=(0xE80000E2), com.apple.dtdevicekit.stacktrace=(
	0   DTDeviceKitBase                     0x000000010d4a5614 DTDKCreateNSErrorFromAMDErrorCode + 272
	1   DTDeviceKitBase                     0x000000010d4dcbf0 -[DTDKMobileDeviceToken _mountDeveloperDiskImage:withError:] + 768
	2   DTDeviceKitBase                     0x000000010d4dd6c4 __58-[DTDKMobileDeviceToken mountDeveloperDiskImageWithError:]_block_invoke + 572
	3   libdispatch.dylib                   0x00000001bb3781b4 _dispatch_client_callout + 20
	4   libdispatch.dylib                   0x00000001bb387414 _dispatch_lane_barrier_sync_invoke_and_complete + 56
	5   DTDeviceKitBase                     0x000000010d4dd42c -[DTDKMobileDeviceToken mountDeveloperDiskImageWithError:] + 168
	6   IDEiOSSupportCore                   0x000000010dbf4e7c __37-[DVTiOSDevice(Connect) hasConnected]_block_invoke_2 + 148
	7   DVTFoundation                       0x00000001063391ac __DVT_CALLING_CLIENT_BLOCK__ + 16
	8   DVTFoundation                       0x000000010633b5a8 __DVTDispatchGroupAsync_block_invoke + 364
	9   libdispatch.dylib                   0x00000001bb3765f0 _dispatch_call_block_and_release + 32
	10  libdispatch.dylib                   0x00000001bb3781b4 _dispatch_client_callout + 20
	11  libdispatch.dylib                   0x00000001bb37b708 _dispatch_continuation_pop + 652
	12  libdispatch.dylib                   0x00000001bb37acdc _dispatch_async_redirect_invoke + 584
	13  libdispatch.dylib                   0x00000001bb3898e8 _dispatch_root_queue_drain + 396
	14  libdispatch.dylib                   0x00000001bb38a104 _dispatch_worker_thread2 + 164
	15  libsystem_pthread.dylib             0x00000001bb538324 _pthread_wqthread + 228
	16  libsystem_pthread.dylib             0x00000001bb537080 start_wqthread + 8
), DVTRadarComponentKey=261622, NSLocalizedDescription=The device is locked.}}, NSLocalizedRecoverySuggestion=Please unlock and reconnect the device., NSLocalizedFailure=The device is locked., DVTRadarComponentKey=487927, NSLocalizedDescription=Failed to prepare device for development.}
2022-07-13 00:46:04.200 xcodebuild[4612:106407]  iPhoneConnect: 📱<DVTiOSDevice (0x133207390), iPhone de Daniel , iPhone, 15.5 (19F77), 7218888641ab33fa0336af10bb12467e7174d38b> unable to mount developer disk image, (Error Domain=com.apple.dtdevicekit Code=806 "Failed to prepare device for development." UserInfo={AssociatedMobileDeviceFunction=AMDeviceMountImage, NSUnderlyingError=0x13021d7d0 {Error Domain=com.apple.dt.MobileDeviceErrorDomain Code=-402652958 "The device is locked." UserInfo={MobileDeviceErrorCode=(0xE80000E2), com.apple.dtdevicekit.stacktrace=(
	0   DTDeviceKitBase                     0x000000010d4a5614 DTDKCreateNSErrorFromAMDErrorCode + 272
	1   DTDeviceKitBase                     0x000000010d4dcbf0 -[DTDKMobileDeviceToken _mountDeveloperDiskImage:withError:] + 768
	2   DTDeviceKitBase                     0x000000010d4dd6c4 __58-[DTDKMobileDeviceToken mountDeveloperDiskImageWithError:]_block_invoke + 572
	3   libdispatch.dylib                   0x00000001bb3781b4 _dispatch_client_callout + 20
	4   libdispatch.dylib                   0x00000001bb387414 _dispatch_lane_barrier_sync_invoke_and_complete + 56
	5   DTDeviceKitBase                     0x000000010d4dd42c -[DTDKMobileDeviceToken mountDeveloperDiskImageWithError:] + 168
	6   IDEiOSSupportCore                   0x000000010dbf4e7c __37-[DVTiOSDevice(Connect) hasConnected]_block_invoke_2 + 148
	7   DVTFoundation                       0x00000001063391ac __DVT_CALLING_CLIENT_BLOCK__ + 16
	8   DVTFoundation                       0x000000010633b5a8 __DVTDispatchGroupAsync_block_invoke + 364
	9   libdispatch.dylib                   0x00000001bb3765f0 _dispatch_call_block_and_release + 32
	10  libdispatch.dylib                   0x00000001bb3781b4 _dispatch_client_callout + 20
	11  libdispatch.dylib                   0x00000001bb37b708 _dispatch_continuation_pop + 652
	12  libdispatch.dylib                   0x00000001bb37acdc _dispatch_async_redirect_invoke + 584
	13  libdispatch.dylib                   0x00000001bb3898e8 _dispatch_root_queue_drain + 396
	14  libdispatch.dylib                   0x00000001bb38a104 _dispatch_worker_thread2 + 164
	15  libsystem_pthread.dylib             0x00000001bb538324 _pthread_wqthread + 228
	16  libsystem_pthread.dylib             0x00000001bb537080 start_wqthread + 8
), DVTRadarComponentKey=261622, NSLocalizedDescription=The device is locked.}}, NSLocalizedRecoverySuggestion=Please unlock and reconnect the device., NSLocalizedFailure=The device is locked., DVTRadarComponentKey=487927, NSLocalizedDescription=Failed to prepare device for development.}) {
    AssociatedMobileDeviceFunction = AMDeviceMountImage;
    DVTRadarComponentKey = 487927;
    NSLocalizedDescription = "Failed to prepare device for development.";
    NSLocalizedFailure = "The device is locked.";
    NSLocalizedRecoverySuggestion = "Please unlock and reconnect the device.";
    NSUnderlyingError = "Error Domain=com.apple.dt.MobileDeviceErrorDomain Code=-402652958 \"The device is locked.\" UserInfo={MobileDeviceErrorCode=(0xE80000E2), com.apple.dtdevicekit.stacktrace=(\n\t0   DTDeviceKitBase                     0x000000010d4a5614 DTDKCreateNSErrorFromAMDErrorCode + 272\n\t1   DTDeviceKitBase                     0x000000010d4dcbf0 -[DTDKMobileDeviceToken _mountDeveloperDiskImage:withError:] + 768\n\t2   DTDeviceKitBase                     0x000000010d4dd6c4 __58-[DTDKMobileDeviceToken mountDeveloperDiskImageWithError:]_block_invoke + 572\n\t3   libdispatch.dylib                   0x00000001bb3781b4 _dispatch_client_callout + 20\n\t4   libdispatch.dylib                   0x00000001bb387414 _dispatch_lane_barrier_sync_invoke_and_complete + 56\n\t5   DTDeviceKitBase                     0x000000010d4dd42c -[DTDKMobileDeviceToken mountDeveloperDiskImageWithError:] + 168\n\t6   IDEiOSSupportCore                   0x000000010dbf4e7c __37-[DVTiOSDevice(Connect) hasConnected]_block_invoke_2 + 148\n\t7   DVTFoundation                       0x00000001063391ac __DVT_CALLING_CLIENT_BLOCK__ + 16\n\t8   DVTFoundation                       0x000000010633b5a8 __DVTDispatchGroupAsync_block_invoke + 364\n\t9   libdispatch.dylib                   0x00000001bb3765f0 _dispatch_call_block_and_release + 32\n\t10  libdispatch.dylib                   0x00000001bb3781b4 _dispatch_client_callout + 20\n\t11  libdispatch.dylib                   0x00000001bb37b708 _dispatch_continuation_pop + 652\n\t12  libdispatch.dylib                   0x00000001bb37acdc _dispatch_async_redirect_invoke + 584\n\t13  libdispatch.dylib                   0x00000001bb3898e8 _dispatch_root_queue_drain + 396\n\t14  libdispatch.dylib                   0x00000001bb38a104 _dispatch_worker_thread2 + 164\n\t15  libsystem_pthread.dylib             0x00000001bb538324 _pthread_wqthread + 228\n\t16  libsystem_pthread.dylib             0x00000001bb537080 start_wqthread + 8\n), DVTRadarComponentKey=261622, NSLocalizedDescription=The device is locked.}";
}
2022-07-13 00:46:04.200 xcodebuild[4612:106291] [MT] iPhoneConnect: 📱<DVTiOSDevice (0x133207390), iPhone de Daniel , iPhone, 15.5 (19F77), 7218888641ab33fa0336af10bb12467e7174d38b> -- An error occurred whilst preparing device for development -- Failed to prepare device for development.
Domain: com.apple.dtdevicekit
Code: 806
Recovery Suggestion: Please unlock and reconnect the device.
User Info: {
    AssociatedMobileDeviceFunction = AMDeviceMountImage;
    DVTRadarComponentKey = 487927;
    NSLocalizedFailure = "The device is locked.";
}
--
The device is locked.
Domain: com.apple.dt.MobileDeviceErrorDomain
Code: -402652958
User Info: {
    DVTRadarComponentKey = 261622;
    MobileDeviceErrorCode = "(0xE80000E2)";
    "com.apple.dtdevicekit.stacktrace" = (
	0   DTDeviceKitBase                     0x000000010d4a5614 DTDKCreateNSErrorFromAMDErrorCode + 272
	1   DTDeviceKitBase                     0x000000010d4dcbf0 -[DTDKMobileDeviceToken _mountDeveloperDiskImage:withError:] + 768
	2   DTDeviceKitBase                     0x000000010d4dd6c4 __58-[DTDKMobileDeviceToken mountDeveloperDiskImageWithError:]_block_invoke + 572
	3   libdispatch.dylib                   0x00000001bb3781b4 _dispatch_client_callout + 20
	4   libdispatch.dylib                   0x00000001bb387414 _dispatch_lane_barrier_sync_invoke_and_complete + 56
	5   DTDeviceKitBase                     0x000000010d4dd42c -[DTDKMobileDeviceToken mountDeveloperDiskImageWithError:] + 168
	6   IDEiOSSupportCore                   0x000000010dbf4e7c __37-[DVTiOSDevice(Connect) hasConnected]_block_invoke_2 + 148
	7   DVTFoundation                       0x00000001063391ac __DVT_CALLING_CLIENT_BLOCK__ + 16
	8   DVTFoundation                       0x000000010633b5a8 __DVTDispatchGroupAsync_block_invoke + 364
	9   libdispatch.dylib                   0x00000001bb3765f0 _dispatch_call_block_and_release + 32
	10  libdispatch.dylib                   0x00000001bb3781b4 _dispatch_client_callout + 20
	11  libdispatch.dylib                   0x00000001bb37b708 _dispatch_continuation_pop + 652
	12  libdispatch.dylib                   0x00000001bb37acdc _dispatch_async_redirect_invoke + 584
	13  libdispatch.dylib                   0x00000001bb3898e8 _dispatch_root_queue_drain + 396
	14  libdispatch.dylib                   0x00000001bb38a104 _dispatch_worker_thread2 + 164
	15  libsystem_pthread.dylib             0x00000001bb538324 _pthread_wqthread + 228
	16  libsystem_pthread.dylib             0x00000001bb537080 start_wqthread + 8
);
}
--
2022-07-13 00:46:04.200 xcodebuild[4612:106291] [MT] iPhoneConnect: 📱<DVTiOSDevice (0x133207390), iPhone de Daniel , iPhone, 15.5 (19F77), 7218888641ab33fa0336af10bb12467e7174d38b> == Underlying device preparation errors ==
2022-07-13 00:46:04.200 xcodebuild[4612:106291] [MT] iPhoneConnect: Failed to prepare device for development.
Domain: com.apple.dtdevicekit
Code: 806
Recovery Suggestion: Please unlock and reconnect the device.
User Info: {
    AssociatedMobileDeviceFunction = AMDeviceMountImage;
    DVTRadarComponentKey = 487927;
    NSLocalizedFailure = "The device is locked.";
}
--
The device is locked.
Domain: com.apple.dt.MobileDeviceErrorDomain
Code: -402652958
User Info: {
    DVTRadarComponentKey = 261622;
    MobileDeviceErrorCode = "(0xE80000E2)";
    "com.apple.dtdevicekit.stacktrace" = (
	0   DTDeviceKitBase                     0x000000010d4a5614 DTDKCreateNSErrorFromAMDErrorCode + 272
	1   DTDeviceKitBase                     0x000000010d4dcbf0 -[DTDKMobileDeviceToken _mountDeveloperDiskImage:withError:] + 768
	2   DTDeviceKitBase                     0x000000010d4dd6c4 __58-[DTDKMobileDeviceToken mountDeveloperDiskImageWithError:]_block_invoke + 572
	3   libdispatch.dylib                   0x00000001bb3781b4 _dispatch_client_callout + 20
	4   libdispatch.dylib                   0x00000001bb387414 _dispatch_lane_barrier_sync_invoke_and_complete + 56
	5   DTDeviceKitBase                     0x000000010d4dd42c -[DTDKMobileDeviceToken mountDeveloperDiskImageWithError:] + 168
	6   IDEiOSSupportCore                   0x000000010dbf4e7c __37-[DVTiOSDevice(Connect) hasConnected]_block_invoke_2 + 148
	7   DVTFoundation                       0x00000001063391ac __DVT_CALLING_CLIENT_BLOCK__ + 16
	8   DVTFoundation                       0x000000010633b5a8 __DVTDispatchGroupAsync_block_invoke + 364
	9   libdispatch.dylib                   0x00000001bb3765f0 _dispatch_call_block_and_release + 32
	10  libdispatch.dylib                   0x00000001bb3781b4 _dispatch_client_callout + 20
	11  libdispatch.dylib                   0x00000001bb37b708 _dispatch_continuation_pop + 652
	12  libdispatch.dylib                   0x00000001bb37acdc _dispatch_async_redirect_invoke + 584
	13  libdispatch.dylib                   0x00000001bb3898e8 _dispatch_root_queue_drain + 396
	14  libdispatch.dylib                   0x00000001bb38a104 _dispatch_worker_thread2 + 164
	15  libsystem_pthread.dylib             0x00000001bb538324 _pthread_wqthread + 228
	16  libsystem_pthread.dylib             0x00000001bb537080 start_wqthread + 8
);
}
--
2022-07-13 00:46:04.200 xcodebuild[4612:106291] [MT] iPhoneConnect: 📱<DVTiOSDevice (0x133207390), iPhone de Daniel , iPhone, 15.5 (19F77), 7218888641ab33fa0336af10bb12467e7174d38b> == END: Underlying device preparation errors ==
